2023/06/18 10:04:55 - mmengine - INFO - 
------------------------------------------------------------
System environment:
    sys.platform: linux
    Python: 3.10.12 (main, Jun  7 2023, 12:45:35) [GCC 9.4.0]
    CUDA available: True
    numpy_random_seed: 0
    GPU 0: Tesla T4
    CUDA_HOME: /usr/local/cuda
    NVCC: Cuda compilation tools, release 11.8, V11.8.89
    GCC: x86_64-linux-gnu-gcc (Ubuntu 9.4.0-1ubuntu1~20.04.1) 9.4.0
    PyTorch: 1.11.0+cu113
    PyTorch compiling details: PyTorch built with:
  - GCC 7.3
  - C++ Version: 201402
  - Intel(R) Math Kernel Library Version 2020.0.0 Product Build 20191122 for Intel(R) 64 architecture applications
  - Intel(R) MKL-DNN v2.5.2 (Git Hash a9302535553c73243c632ad3c4c80beec3d19a1e)
  - OpenMP 201511 (a.k.a. OpenMP 4.5)
  - LAPACK is enabled (usually provided by MKL)
  - NNPACK is enabled
  - CPU capability usage: AVX2
  - CUDA Runtime 11.3
  - NVCC architecture flags: -gencode;arch=compute_37,code=sm_37;-gencode;arch=compute_50,code=sm_50;-gencode;arch=compute_60,code=sm_60;-gencode;arch=compute_70,code=sm_70;-gencode;arch=compute_75,code=sm_75;-gencode;arch=compute_80,code=sm_80;-gencode;arch=compute_86,code=sm_86
  - CuDNN 8.2
  - Magma 2.5.2
  - Build settings: BLAS_INFO=mkl, BUILD_TYPE=Release, CUDA_VERSION=11.3, CUDNN_VERSION=8.2.0, CXX_COMPILER=/opt/rh/devtoolset-7/root/usr/bin/c++, CXX_FLAGS= -Wno-deprecated -fvisibility-inlines-hidden -DUSE_PTHREADPOOL -fopenmp -DNDEBUG -DUSE_KINETO -DUSE_FBGEMM -DUSE_QNNPACK -DUSE_PYTORCH_QNNPACK -DUSE_XNNPACK -DSYMBOLICATE_MOBILE_DEBUG_HANDLE -DEDGE_PROFILER_USE_KINETO -O2 -fPIC -Wno-narrowing -Wall -Wextra -Werror=return-type -Wno-missing-field-initializers -Wno-type-limits -Wno-array-bounds -Wno-unknown-pragmas -Wno-sign-compare -Wno-unused-parameter -Wno-unused-function -Wno-unused-result -Wno-unused-local-typedefs -Wno-strict-overflow -Wno-strict-aliasing -Wno-error=deprecated-declarations -Wno-stringop-overflow -Wno-psabi -Wno-error=pedantic -Wno-error=redundant-decls -Wno-error=old-style-cast -fdiagnostics-color=always -faligned-new -Wno-unused-but-set-variable -Wno-maybe-uninitialized -fno-math-errno -fno-trapping-math -Werror=format -Wno-stringop-overflow, LAPACK_INFO=mkl, PERF_WITH_AVX=1, PERF_WITH_AVX2=1, PERF_WITH_AVX512=1, TORCH_VERSION=1.11.0, USE_CUDA=ON, USE_CUDNN=ON, USE_EXCEPTION_PTR=1, USE_GFLAGS=OFF, USE_GLOG=OFF, USE_MKL=ON, USE_MKLDNN=OFF, USE_MPI=OFF, USE_NCCL=ON, USE_NNPACK=ON, USE_OPENMP=ON, USE_ROCM=OFF, 

    TorchVision: 0.12.0+cu113
    OpenCV: 4.7.0
    MMEngine: 0.7.4

Runtime environment:
    cudnn_benchmark: True
    mp_cfg: {'mp_start_method': 'fork', 'opencv_num_threads': 0}
    dist_cfg: {'backend': 'nccl'}
    seed: 0
    Distributed launcher: none
    Distributed training: False
    GPU number: 1
------------------------------------------------------------

2023/06/18 10:04:55 - mmengine - INFO - Config:
norm_cfg = dict(type='BN', requires_grad=True)
data_preprocessor = dict(
    type='SegDataPreProcessor',
    mean=[123.675, 116.28, 103.53],
    std=[58.395, 57.12, 57.375],
    bgr_to_rgb=True,
    pad_val=0,
    seg_pad_val=255,
    size=(512, 512))
model = dict(
    type='EncoderDecoder',
    data_preprocessor=dict(
        type='SegDataPreProcessor',
        mean=[123.675, 116.28, 103.53],
        std=[58.395, 57.12, 57.375],
        bgr_to_rgb=True,
        pad_val=0,
        seg_pad_val=255,
        size=(512, 512)),
    pretrained='open-mmlab://resnet18_v1c',
    backbone=dict(
        type='ResNetV1c',
        depth=18,
        num_stages=4,
        out_indices=(0, 1, 2, 3),
        dilations=(1, 1, 2, 4),
        strides=(1, 2, 1, 1),
        norm_cfg=dict(type='BN', requires_grad=True),
        norm_eval=False,
        style='pytorch',
        contract_dilation=True),
    decode_head=dict(
        type='PSPHead',
        in_channels=512,
        in_index=3,
        channels=128,
        pool_scales=(1, 2, 3, 6),
        dropout_ratio=0.1,
        num_classes=6,
        norm_cfg=dict(type='BN', requires_grad=True),
        align_corners=False,
        loss_decode=dict(
            type='CrossEntropyLoss', use_sigmoid=False, loss_weight=1.0)),
    auxiliary_head=dict(
        type='FCNHead',
        in_channels=256,
        in_index=2,
        channels=64,
        num_convs=1,
        concat_input=False,
        dropout_ratio=0.1,
        num_classes=6,
        norm_cfg=dict(type='BN', requires_grad=True),
        align_corners=False,
        loss_decode=dict(
            type='CrossEntropyLoss', use_sigmoid=False, loss_weight=0.4)),
    train_cfg=dict(),
    test_cfg=dict(mode='whole'))
reduceZeroLabel = False
crop_size = (512, 512)
train_pipeline = [
    dict(type='LoadImageFromFile'),
    dict(type='LoadAnnotations', reduce_zero_label=False),
    dict(
        type='RandomResize',
        scale=(512, 512),
        ratio_range=(0.5, 2.0),
        keep_ratio=True),
    dict(type='RandomCrop', crop_size=(512, 512), cat_max_ratio=0.75),
    dict(type='RandomFlip', prob=0.5),
    dict(type='PhotoMetricDistortion'),
    dict(type='PackSegInputs')
]
test_pipeline = [
    dict(type='LoadImageFromFile'),
    dict(type='Resize', scale=(512, 512), keep_ratio=True),
    dict(type='LoadAnnotations', reduce_zero_label=False),
    dict(type='PackSegInputs')
]
img_ratios = [0.5, 0.75, 1.0, 1.25, 1.5, 1.75]
tta_pipeline = [
    dict(type='LoadImageFromFile', backend_args=None),
    dict(
        type='TestTimeAug',
        transforms=[[{
            'type': 'Resize',
            'scale_factor': 0.5,
            'keep_ratio': True
        }, {
            'type': 'Resize',
            'scale_factor': 0.75,
            'keep_ratio': True
        }, {
            'type': 'Resize',
            'scale_factor': 1.0,
            'keep_ratio': True
        }, {
            'type': 'Resize',
            'scale_factor': 1.25,
            'keep_ratio': True
        }, {
            'type': 'Resize',
            'scale_factor': 1.5,
            'keep_ratio': True
        }, {
            'type': 'Resize',
            'scale_factor': 1.75,
            'keep_ratio': True
        }],
                    [{
                        'type': 'RandomFlip',
                        'prob': 0.0,
                        'direction': 'horizontal'
                    }, {
                        'type': 'RandomFlip',
                        'prob': 1.0,
                        'direction': 'horizontal'
                    }], [{
                        'type': 'LoadAnnotations'
                    }], [{
                        'type': 'PackSegInputs'
                    }]])
]
train_dataloader = dict(
    batch_size=8,
    num_workers=4,
    persistent_workers=True,
    sampler=dict(type='InfiniteSampler', shuffle=True),
    dataset=dict(
        type='WatermelonDataset',
        data_root='/content/Watermelon87_Semantic_Seg_Mask',
        data_prefix=dict(
            img_path='img_dir/train', seg_map_path='ann_dir/train'),
        pipeline=[
            dict(type='LoadImageFromFile'),
            dict(type='LoadAnnotations', reduce_zero_label=False),
            dict(
                type='RandomResize',
                scale=(512, 512),
                ratio_range=(0.5, 2.0),
                keep_ratio=True),
            dict(type='RandomCrop', crop_size=(512, 512), cat_max_ratio=0.75),
            dict(type='RandomFlip', prob=0.5),
            dict(type='PhotoMetricDistortion'),
            dict(type='PackSegInputs')
        ]))
val_dataloader = dict(
    batch_size=1,
    num_workers=4,
    persistent_workers=True,
    sampler=dict(type='DefaultSampler', shuffle=False),
    dataset=dict(
        type='WatermelonDataset',
        data_root='/content/Watermelon87_Semantic_Seg_Mask',
        data_prefix=dict(img_path='img_dir/val', seg_map_path='ann_dir/val'),
        pipeline=[
            dict(type='LoadImageFromFile'),
            dict(type='Resize', scale=(512, 512), keep_ratio=True),
            dict(type='LoadAnnotations', reduce_zero_label=False),
            dict(type='PackSegInputs')
        ]))
test_dataloader = dict(
    batch_size=1,
    num_workers=4,
    persistent_workers=True,
    sampler=dict(type='DefaultSampler', shuffle=False),
    dataset=dict(
        type='WatermelonDataset',
        data_root='/content/Watermelon87_Semantic_Seg_Mask',
        data_prefix=dict(img_path='img_dir/val', seg_map_path='ann_dir/val'),
        pipeline=[
            dict(type='LoadImageFromFile'),
            dict(type='Resize', scale=(512, 512), keep_ratio=True),
            dict(type='LoadAnnotations', reduce_zero_label=False),
            dict(type='PackSegInputs')
        ]))
val_evaluator = dict(type='IoUMetric', iou_metrics=['mIoU'])
test_evaluator = dict(type='IoUMetric', iou_metrics=['mIoU'])
default_scope = 'mmseg'
env_cfg = dict(
    cudnn_benchmark=True,
    mp_cfg=dict(mp_start_method='fork', opencv_num_threads=0),
    dist_cfg=dict(backend='nccl'))
vis_backends = [dict(type='LocalVisBackend')]
visualizer = dict(
    type='SegLocalVisualizer',
    vis_backends=[dict(type='LocalVisBackend')],
    name='visualizer')
log_processor = dict(by_epoch=False)
log_level = 'INFO'
load_from = None
resume = False
tta_model = dict(type='SegTTAModel')
optimizer = dict(type='SGD', lr=0.01, momentum=0.9, weight_decay=0.0005)
optim_wrapper = dict(
    type='OptimWrapper',
    optimizer=dict(type='SGD', lr=0.01, momentum=0.9, weight_decay=0.0005),
    clip_grad=None)
param_scheduler = [
    dict(
        type='PolyLR',
        eta_min=0.0001,
        power=0.9,
        begin=0,
        end=80000,
        by_epoch=False)
]
train_cfg = dict(type='IterBasedTrainLoop', max_iters=1000, val_interval=20)
val_cfg = dict(type='ValLoop')
test_cfg = dict(type='TestLoop')
default_hooks = dict(
    timer=dict(type='IterTimerHook'),
    logger=dict(type='LoggerHook', interval=10, log_metric_by_epoch=False),
    param_scheduler=dict(type='ParamSchedulerHook'),
    checkpoint=dict(type='CheckpointHook', by_epoch=False, interval=100),
    sampler_seed=dict(type='DistSamplerSeedHook'),
    visualization=dict(type='SegVisualizationHook'))
work_dir = '/content/drive/MyDrive/OpenMMLab/workdir/PSPNet'
randomness = dict(seed=0)

2023/06/18 10:05:00 - mmengine - INFO - Distributed training is not used, all SyncBatchNorm (SyncBN) layers in the model will be automatically reverted to BatchNormXd layers if they are used.
2023/06/18 10:05:00 - mmengine - INFO - Hooks will be executed in the following order:
before_run:
(VERY_HIGH   ) RuntimeInfoHook                    
(BELOW_NORMAL) LoggerHook                         
 -------------------- 
before_train:
(VERY_HIGH   ) RuntimeInfoHook                    
(NORMAL      ) IterTimerHook                      
(VERY_LOW    ) CheckpointHook                     
 -------------------- 
before_train_epoch:
(VERY_HIGH   ) RuntimeInfoHook                    
(NORMAL      ) IterTimerHook                      
(NORMAL      ) DistSamplerSeedHook                
 -------------------- 
before_train_iter:
(VERY_HIGH   ) RuntimeInfoHook                    
(NORMAL      ) IterTimerHook                      
 -------------------- 
after_train_iter:
(VERY_HIGH   ) RuntimeInfoHook                    
(NORMAL      ) IterTimerHook                      
(NORMAL      ) SegVisualizationHook               
(BELOW_NORMAL) LoggerHook                         
(LOW         ) ParamSchedulerHook                 
(VERY_LOW    ) CheckpointHook                     
 -------------------- 
after_train_epoch:
(NORMAL      ) IterTimerHook                      
(LOW         ) ParamSchedulerHook                 
(VERY_LOW    ) CheckpointHook                     
 -------------------- 
before_val_epoch:
(NORMAL      ) IterTimerHook                      
 -------------------- 
before_val_iter:
(NORMAL      ) IterTimerHook                      
 -------------------- 
after_val_iter:
(NORMAL      ) IterTimerHook                      
(NORMAL      ) SegVisualizationHook               
(BELOW_NORMAL) LoggerHook                         
 -------------------- 
after_val_epoch:
(VERY_HIGH   ) RuntimeInfoHook                    
(NORMAL      ) IterTimerHook                      
(BELOW_NORMAL) LoggerHook                         
(LOW         ) ParamSchedulerHook                 
(VERY_LOW    ) CheckpointHook                     
 -------------------- 
after_train:
(VERY_LOW    ) CheckpointHook                     
 -------------------- 
before_test_epoch:
(NORMAL      ) IterTimerHook                      
 -------------------- 
before_test_iter:
(NORMAL      ) IterTimerHook                      
 -------------------- 
after_test_iter:
(NORMAL      ) IterTimerHook                      
(NORMAL      ) SegVisualizationHook               
(BELOW_NORMAL) LoggerHook                         
 -------------------- 
after_test_epoch:
(VERY_HIGH   ) RuntimeInfoHook                    
(NORMAL      ) IterTimerHook                      
(BELOW_NORMAL) LoggerHook                         
 -------------------- 
after_run:
(BELOW_NORMAL) LoggerHook                         
 -------------------- 
2023/06/18 10:05:07 - mmengine - WARNING - The prefix is not set in metric class IoUMetric.
2023/06/18 10:05:08 - mmengine - INFO - load model from: open-mmlab://resnet18_v1c
2023/06/18 10:05:08 - mmengine - INFO - Loads checkpoint by openmmlab backend from path: open-mmlab://resnet18_v1c
2023/06/18 10:05:08 - mmengine - WARNING - The model and loaded state dict do not match exactly

unexpected key in source state_dict: fc.weight, fc.bias

Name of parameter - Initialization information

backbone.stem.0.weight - torch.Size([32, 3, 3, 3]): 
PretrainedInit: load from open-mmlab://resnet18_v1c 

backbone.stem.1.weight - torch.Size([32]): 
PretrainedInit: load from open-mmlab://resnet18_v1c 

backbone.stem.1.bias - torch.Size([32]): 
PretrainedInit: load from open-mmlab://resnet18_v1c 

backbone.stem.3.weight - torch.Size([32, 32, 3, 3]): 
PretrainedInit: load from open-mmlab://resnet18_v1c 

backbone.stem.4.weight - torch.Size([32]): 
PretrainedInit: load from open-mmlab://resnet18_v1c 

backbone.stem.4.bias - torch.Size([32]): 
PretrainedInit: load from open-mmlab://resnet18_v1c 

backbone.stem.6.weight - torch.Size([64, 32, 3, 3]): 
PretrainedInit: load from open-mmlab://resnet18_v1c 

backbone.stem.7.weight - torch.Size([64]): 
PretrainedInit: load from open-mmlab://resnet18_v1c 

backbone.stem.7.bias - torch.Size([64]): 
PretrainedInit: load from open-mmlab://resnet18_v1c 

backbone.layer1.0.conv1.weight - torch.Size([64, 64, 3, 3]): 
PretrainedInit: load from open-mmlab://resnet18_v1c 

backbone.layer1.0.bn1.weight - torch.Size([64]): 
PretrainedInit: load from open-mmlab://resnet18_v1c 

backbone.layer1.0.bn1.bias - torch.Size([64]): 
PretrainedInit: load from open-mmlab://resnet18_v1c 

backbone.layer1.0.conv2.weight - torch.Size([64, 64, 3, 3]): 
PretrainedInit: load from open-mmlab://resnet18_v1c 

backbone.layer1.0.bn2.weight - torch.Size([64]): 
PretrainedInit: load from open-mmlab://resnet18_v1c 

backbone.layer1.0.bn2.bias - torch.Size([64]): 
PretrainedInit: load from open-mmlab://resnet18_v1c 

backbone.layer1.1.conv1.weight - torch.Size([64, 64, 3, 3]): 
PretrainedInit: load from open-mmlab://resnet18_v1c 

backbone.layer1.1.bn1.weight - torch.Size([64]): 
PretrainedInit: load from open-mmlab://resnet18_v1c 

backbone.layer1.1.bn1.bias - torch.Size([64]): 
PretrainedInit: load from open-mmlab://resnet18_v1c 

backbone.layer1.1.conv2.weight - torch.Size([64, 64, 3, 3]): 
PretrainedInit: load from open-mmlab://resnet18_v1c 

backbone.layer1.1.bn2.weight - torch.Size([64]): 
PretrainedInit: load from open-mmlab://resnet18_v1c 

backbone.layer1.1.bn2.bias - torch.Size([64]): 
PretrainedInit: load from open-mmlab://resnet18_v1c 

backbone.layer2.0.conv1.weight - torch.Size([128, 64, 3, 3]): 
PretrainedInit: load from open-mmlab://resnet18_v1c 

backbone.layer2.0.bn1.weight - torch.Size([128]): 
PretrainedInit: load from open-mmlab://resnet18_v1c 

backbone.layer2.0.bn1.bias - torch.Size([128]): 
PretrainedInit: load from open-mmlab://resnet18_v1c 

backbone.layer2.0.conv2.weight - torch.Size([128, 128, 3, 3]): 
PretrainedInit: load from open-mmlab://resnet18_v1c 

backbone.layer2.0.bn2.weight - torch.Size([128]): 
PretrainedInit: load from open-mmlab://resnet18_v1c 

backbone.layer2.0.bn2.bias - torch.Size([128]): 
PretrainedInit: load from open-mmlab://resnet18_v1c 

backbone.layer2.0.downsample.0.weight - torch.Size([128, 64, 1, 1]): 
PretrainedInit: load from open-mmlab://resnet18_v1c 

backbone.layer2.0.downsample.1.weight - torch.Size([128]): 
PretrainedInit: load from open-mmlab://resnet18_v1c 

backbone.layer2.0.downsample.1.bias - torch.Size([128]): 
PretrainedInit: load from open-mmlab://resnet18_v1c 

backbone.layer2.1.conv1.weight - torch.Size([128, 128, 3, 3]): 
PretrainedInit: load from open-mmlab://resnet18_v1c 

backbone.layer2.1.bn1.weight - torch.Size([128]): 
PretrainedInit: load from open-mmlab://resnet18_v1c 

backbone.layer2.1.bn1.bias - torch.Size([128]): 
PretrainedInit: load from open-mmlab://resnet18_v1c 

backbone.layer2.1.conv2.weight - torch.Size([128, 128, 3, 3]): 
PretrainedInit: load from open-mmlab://resnet18_v1c 

backbone.layer2.1.bn2.weight - torch.Size([128]): 
PretrainedInit: load from open-mmlab://resnet18_v1c 

backbone.layer2.1.bn2.bias - torch.Size([128]): 
PretrainedInit: load from open-mmlab://resnet18_v1c 

backbone.layer3.0.conv1.weight - torch.Size([256, 128, 3, 3]): 
PretrainedInit: load from open-mmlab://resnet18_v1c 

backbone.layer3.0.bn1.weight - torch.Size([256]): 
PretrainedInit: load from open-mmlab://resnet18_v1c 

backbone.layer3.0.bn1.bias - torch.Size([256]): 
PretrainedInit: load from open-mmlab://resnet18_v1c 

backbone.layer3.0.conv2.weight - torch.Size([256, 256, 3, 3]): 
PretrainedInit: load from open-mmlab://resnet18_v1c 

backbone.layer3.0.bn2.weight - torch.Size([256]): 
PretrainedInit: load from open-mmlab://resnet18_v1c 

backbone.layer3.0.bn2.bias - torch.Size([256]): 
PretrainedInit: load from open-mmlab://resnet18_v1c 

backbone.layer3.0.downsample.0.weight - torch.Size([256, 128, 1, 1]): 
PretrainedInit: load from open-mmlab://resnet18_v1c 

backbone.layer3.0.downsample.1.weight - torch.Size([256]): 
PretrainedInit: load from open-mmlab://resnet18_v1c 

backbone.layer3.0.downsample.1.bias - torch.Size([256]): 
PretrainedInit: load from open-mmlab://resnet18_v1c 

backbone.layer3.1.conv1.weight - torch.Size([256, 256, 3, 3]): 
PretrainedInit: load from open-mmlab://resnet18_v1c 

backbone.layer3.1.bn1.weight - torch.Size([256]): 
PretrainedInit: load from open-mmlab://resnet18_v1c 

backbone.layer3.1.bn1.bias - torch.Size([256]): 
PretrainedInit: load from open-mmlab://resnet18_v1c 

backbone.layer3.1.conv2.weight - torch.Size([256, 256, 3, 3]): 
PretrainedInit: load from open-mmlab://resnet18_v1c 

backbone.layer3.1.bn2.weight - torch.Size([256]): 
PretrainedInit: load from open-mmlab://resnet18_v1c 

backbone.layer3.1.bn2.bias - torch.Size([256]): 
PretrainedInit: load from open-mmlab://resnet18_v1c 

backbone.layer4.0.conv1.weight - torch.Size([512, 256, 3, 3]): 
PretrainedInit: load from open-mmlab://resnet18_v1c 

backbone.layer4.0.bn1.weight - torch.Size([512]): 
PretrainedInit: load from open-mmlab://resnet18_v1c 

backbone.layer4.0.bn1.bias - torch.Size([512]): 
PretrainedInit: load from open-mmlab://resnet18_v1c 

backbone.layer4.0.conv2.weight - torch.Size([512, 512, 3, 3]): 
PretrainedInit: load from open-mmlab://resnet18_v1c 

backbone.layer4.0.bn2.weight - torch.Size([512]): 
PretrainedInit: load from open-mmlab://resnet18_v1c 

backbone.layer4.0.bn2.bias - torch.Size([512]): 
PretrainedInit: load from open-mmlab://resnet18_v1c 

backbone.layer4.0.downsample.0.weight - torch.Size([512, 256, 1, 1]): 
PretrainedInit: load from open-mmlab://resnet18_v1c 

backbone.layer4.0.downsample.1.weight - torch.Size([512]): 
PretrainedInit: load from open-mmlab://resnet18_v1c 

backbone.layer4.0.downsample.1.bias - torch.Size([512]): 
PretrainedInit: load from open-mmlab://resnet18_v1c 

backbone.layer4.1.conv1.weight - torch.Size([512, 512, 3, 3]): 
PretrainedInit: load from open-mmlab://resnet18_v1c 

backbone.layer4.1.bn1.weight - torch.Size([512]): 
PretrainedInit: load from open-mmlab://resnet18_v1c 

backbone.layer4.1.bn1.bias - torch.Size([512]): 
PretrainedInit: load from open-mmlab://resnet18_v1c 

backbone.layer4.1.conv2.weight - torch.Size([512, 512, 3, 3]): 
PretrainedInit: load from open-mmlab://resnet18_v1c 

backbone.layer4.1.bn2.weight - torch.Size([512]): 
PretrainedInit: load from open-mmlab://resnet18_v1c 

backbone.layer4.1.bn2.bias - torch.Size([512]): 
PretrainedInit: load from open-mmlab://resnet18_v1c 

decode_head.conv_seg.weight - torch.Size([6, 128, 1, 1]): 
NormalInit: mean=0, std=0.01, bias=0 

decode_head.conv_seg.bias - torch.Size([6]): 
NormalInit: mean=0, std=0.01, bias=0 

decode_head.psp_modules.0.1.conv.weight - torch.Size([128, 512, 1, 1]): 
The value is the same before and after calling `init_weights` of EncoderDecoder  

decode_head.psp_modules.0.1.bn.weight - torch.Size([128]): 
The value is the same before and after calling `init_weights` of EncoderDecoder  

decode_head.psp_modules.0.1.bn.bias - torch.Size([128]): 
The value is the same before and after calling `init_weights` of EncoderDecoder  

decode_head.psp_modules.1.1.conv.weight - torch.Size([128, 512, 1, 1]): 
The value is the same before and after calling `init_weights` of EncoderDecoder  

decode_head.psp_modules.1.1.bn.weight - torch.Size([128]): 
The value is the same before and after calling `init_weights` of EncoderDecoder  

decode_head.psp_modules.1.1.bn.bias - torch.Size([128]): 
The value is the same before and after calling `init_weights` of EncoderDecoder  

decode_head.psp_modules.2.1.conv.weight - torch.Size([128, 512, 1, 1]): 
The value is the same before and after calling `init_weights` of EncoderDecoder  

decode_head.psp_modules.2.1.bn.weight - torch.Size([128]): 
The value is the same before and after calling `init_weights` of EncoderDecoder  

decode_head.psp_modules.2.1.bn.bias - torch.Size([128]): 
The value is the same before and after calling `init_weights` of EncoderDecoder  

decode_head.psp_modules.3.1.conv.weight - torch.Size([128, 512, 1, 1]): 
The value is the same before and after calling `init_weights` of EncoderDecoder  

decode_head.psp_modules.3.1.bn.weight - torch.Size([128]): 
The value is the same before and after calling `init_weights` of EncoderDecoder  

decode_head.psp_modules.3.1.bn.bias - torch.Size([128]): 
The value is the same before and after calling `init_weights` of EncoderDecoder  

decode_head.bottleneck.conv.weight - torch.Size([128, 1024, 3, 3]): 
Initialized by user-defined `init_weights` in ConvModule  

decode_head.bottleneck.bn.weight - torch.Size([128]): 
The value is the same before and after calling `init_weights` of EncoderDecoder  

decode_head.bottleneck.bn.bias - torch.Size([128]): 
The value is the same before and after calling `init_weights` of EncoderDecoder  

auxiliary_head.conv_seg.weight - torch.Size([6, 64, 1, 1]): 
NormalInit: mean=0, std=0.01, bias=0 

auxiliary_head.conv_seg.bias - torch.Size([6]): 
NormalInit: mean=0, std=0.01, bias=0 

auxiliary_head.convs.0.conv.weight - torch.Size([64, 256, 3, 3]): 
The value is the same before and after calling `init_weights` of EncoderDecoder  

auxiliary_head.convs.0.bn.weight - torch.Size([64]): 
The value is the same before and after calling `init_weights` of EncoderDecoder  

auxiliary_head.convs.0.bn.bias - torch.Size([64]): 
The value is the same before and after calling `init_weights` of EncoderDecoder  
2023/06/18 10:05:08 - mmengine - WARNING - "FileClient" will be deprecated in future. Please use io functions in https://mmengine.readthedocs.io/en/latest/api/fileio.html#file-io
2023/06/18 10:05:08 - mmengine - WARNING - "HardDiskBackend" is the alias of "LocalBackend" and the former will be deprecated in future.
2023/06/18 10:05:08 - mmengine - INFO - Checkpoints will be saved to /content/drive/MyDrive/OpenMMLab/workdir/PSPNet.
2023/06/18 10:05:17 - mmengine - INFO - Exp name: pspnet-watermelon_20230618_20230618_100453
2023/06/18 10:05:17 - mmengine - INFO - Iter(train) [   6/1000]  lr: 9.9994e-03  eta: 0:24:32  time: 1.4818  data_time: 0.0278  memory: 10038  loss: 1.7009  decode.loss_ce: 1.1994  decode.acc_seg: 53.3186  aux.loss_ce: 0.5015  aux.acc_seg: 44.4647
2023/06/18 10:05:20 - mmengine - INFO - Iter(train) [  10/1000]  lr: 9.9990e-03  eta: 0:19:11  time: 1.1632  data_time: 0.0221  memory: 2773  loss: 1.6326  decode.loss_ce: 1.1315  decode.acc_seg: 53.2872  aux.loss_ce: 0.5011  aux.acc_seg: 53.3871
2023/06/18 10:05:27 - mmengine - INFO - Iter(train) [  20/1000]  lr: 9.9979e-03  eta: 0:15:10  time: 0.6949  data_time: 0.0156  memory: 2773  loss: 1.2196  decode.loss_ce: 0.8109  decode.acc_seg: 72.9918  aux.loss_ce: 0.4087  aux.acc_seg: 61.2575
2023/06/18 10:05:33 - mmengine - INFO - Iter(val) [10/11]    eta: 0:00:00  time: 0.5953  data_time: 0.1298  memory: 8535  
2023/06/18 10:05:33 - mmengine - INFO - per class results:
2023/06/18 10:05:33 - mmengine - INFO - 
+------------+-------+-------+
|   Class    |  IoU  |  Acc  |
+------------+-------+-------+
|    red     |  58.3 |  64.9 |
|   green    | 47.47 | 98.81 |
|   white    |  0.0  |  0.0  |
| seed-black |  0.0  |  0.0  |
| seed-white |  0.0  |  0.0  |
|  tabBlue   |  0.0  |  0.0  |
+------------+-------+-------+
2023/06/18 10:05:33 - mmengine - INFO - Iter(val) [11/11]    aAcc: 64.5500  mIoU: 17.6300  mAcc: 27.2800  data_time: 0.1204  time: 0.5457
2023/06/18 10:05:40 - mmengine - INFO - Iter(train) [  30/1000]  lr: 9.9968e-03  eta: 0:13:55  time: 0.7248  data_time: 0.0268  memory: 2773  loss: 0.9304  decode.loss_ce: 0.6003  decode.acc_seg: 78.1845  aux.loss_ce: 0.3301  aux.acc_seg: 46.8731
2023/06/18 10:05:48 - mmengine - INFO - Iter(train) [  40/1000]  lr: 9.9957e-03  eta: 0:13:19  time: 0.7470  data_time: 0.0284  memory: 2773  loss: 0.8204  decode.loss_ce: 0.5177  decode.acc_seg: 79.2879  aux.loss_ce: 0.3027  aux.acc_seg: 66.0965
2023/06/18 10:05:48 - mmengine - INFO - Iter(val) [10/11]    eta: 0:00:00  time: 0.0487  data_time: 0.0266  memory: 264  
2023/06/18 10:05:48 - mmengine - INFO - per class results:
2023/06/18 10:05:48 - mmengine - INFO - 
+------------+-------+-------+
|   Class    |  IoU  |  Acc  |
+------------+-------+-------+
|    red     | 79.49 |  95.9 |
|   green    | 83.39 | 98.94 |
|   white    |  0.0  |  0.0  |
| seed-black |  0.0  |  0.0  |
| seed-white |  0.0  |  0.0  |
|  tabBlue   |  0.0  |  0.0  |
+------------+-------+-------+
2023/06/18 10:05:48 - mmengine - INFO - Iter(val) [11/11]    aAcc: 82.8700  mIoU: 27.1500  mAcc: 32.4700  data_time: 0.0251  time: 0.0474
2023/06/18 10:05:56 - mmengine - INFO - Iter(train) [  50/1000]  lr: 9.9945e-03  eta: 0:12:53  time: 0.7408  data_time: 0.0276  memory: 2773  loss: 0.6991  decode.loss_ce: 0.4254  decode.acc_seg: 83.7306  aux.loss_ce: 0.2738  aux.acc_seg: 81.7568
2023/06/18 10:06:03 - mmengine - INFO - Iter(train) [  60/1000]  lr: 9.9934e-03  eta: 0:12:37  time: 0.7662  data_time: 0.0400  memory: 2772  loss: 0.6435  decode.loss_ce: 0.4053  decode.acc_seg: 83.7107  aux.loss_ce: 0.2382  aux.acc_seg: 81.8709
2023/06/18 10:06:04 - mmengine - INFO - Iter(val) [10/11]    eta: 0:00:00  time: 0.0657  data_time: 0.0365  memory: 264  
2023/06/18 10:06:04 - mmengine - INFO - per class results:
2023/06/18 10:06:04 - mmengine - INFO - 
+------------+-------+-------+
|   Class    |  IoU  |  Acc  |
+------------+-------+-------+
|    red     | 81.33 | 97.06 |
|   green    | 85.11 | 98.47 |
|   white    |  0.0  |  0.0  |
| seed-black | 13.81 |  13.9 |
| seed-white |  0.0  |  0.0  |
|  tabBlue   |  0.0  |  0.0  |
+------------+-------+-------+
2023/06/18 10:06:04 - mmengine - INFO - Iter(val) [11/11]    aAcc: 84.3700  mIoU: 30.0400  mAcc: 34.9100  data_time: 0.0317  time: 0.0594
2023/06/18 10:06:11 - mmengine - INFO - Iter(train) [  70/1000]  lr: 9.9923e-03  eta: 0:12:14  time: 0.6925  data_time: 0.0180  memory: 2772  loss: 0.5485  decode.loss_ce: 0.3485  decode.acc_seg: 88.1675  aux.loss_ce: 0.2000  aux.acc_seg: 84.3302
2023/06/18 10:06:18 - mmengine - INFO - Iter(train) [  80/1000]  lr: 9.9912e-03  eta: 0:11:58  time: 0.7196  data_time: 0.0325  memory: 2772  loss: 0.4644  decode.loss_ce: 0.2970  decode.acc_seg: 85.0283  aux.loss_ce: 0.1674  aux.acc_seg: 80.1121
2023/06/18 10:06:19 - mmengine - INFO - Iter(val) [10/11]    eta: 0:00:00  time: 0.0635  data_time: 0.0292  memory: 264  
2023/06/18 10:06:19 - mmengine - INFO - per class results:
2023/06/18 10:06:19 - mmengine - INFO - 
+------------+-------+-------+
|   Class    |  IoU  |  Acc  |
+------------+-------+-------+
|    red     | 84.69 | 99.13 |
|   green    |  88.3 | 92.29 |
|   white    |  0.0  |  0.0  |
| seed-black | 47.14 | 59.03 |
| seed-white |  0.0  |  0.0  |
|  tabBlue   |  0.0  |  0.0  |
+------------+-------+-------+
2023/06/18 10:06:19 - mmengine - INFO - Iter(val) [11/11]    aAcc: 87.0300  mIoU: 36.6900  mAcc: 41.7400  data_time: 0.0254  time: 0.0571
2023/06/18 10:06:26 - mmengine - INFO - Iter(train) [  90/1000]  lr: 9.9901e-03  eta: 0:11:41  time: 0.6878  data_time: 0.0192  memory: 2773  loss: 0.4556  decode.loss_ce: 0.2887  decode.acc_seg: 85.5751  aux.loss_ce: 0.1669  aux.acc_seg: 80.6346
2023/06/18 10:06:32 - mmengine - INFO - Iter(train) [ 100/1000]  lr: 9.9890e-03  eta: 0:11:26  time: 0.6868  data_time: 0.0189  memory: 2773  loss: 0.4100  decode.loss_ce: 0.2657  decode.acc_seg: 92.4256  aux.loss_ce: 0.1443  aux.acc_seg: 88.3617
2023/06/18 10:06:32 - mmengine - INFO - Saving checkpoint at 100 iterations
2023/06/18 10:06:34 - mmengine - INFO - Iter(val) [10/11]    eta: 0:00:00  time: 0.0458  data_time: 0.0221  memory: 264  
2023/06/18 10:06:34 - mmengine - INFO - per class results:
2023/06/18 10:06:34 - mmengine - INFO - 
+------------+-------+-------+
|   Class    |  IoU  |  Acc  |
+------------+-------+-------+
|    red     | 86.91 | 98.76 |
|   green    | 89.35 | 94.45 |
|   white    |  0.0  |  0.0  |
| seed-black | 52.39 | 70.07 |
| seed-white |  0.0  |  0.0  |
|  tabBlue   |  0.0  |  0.0  |
+------------+-------+-------+
2023/06/18 10:06:34 - mmengine - INFO - Iter(val) [11/11]    aAcc: 88.1400  mIoU: 38.1100  mAcc: 43.8800  data_time: 0.0192  time: 0.0425
2023/06/18 10:06:41 - mmengine - INFO - Iter(train) [ 110/1000]  lr: 9.9879e-03  eta: 0:11:14  time: 0.7080  data_time: 0.0247  memory: 2773  loss: 0.3924  decode.loss_ce: 0.2458  decode.acc_seg: 92.3470  aux.loss_ce: 0.1467  aux.acc_seg: 88.6259
2023/06/18 10:06:48 - mmengine - INFO - Iter(train) [ 120/1000]  lr: 9.9867e-03  eta: 0:11:01  time: 0.6838  data_time: 0.0157  memory: 2773  loss: 0.4197  decode.loss_ce: 0.2673  decode.acc_seg: 86.7089  aux.loss_ce: 0.1523  aux.acc_seg: 83.6891
2023/06/18 10:06:49 - mmengine - INFO - Iter(val) [10/11]    eta: 0:00:00  time: 0.0342  data_time: 0.0127  memory: 264  
2023/06/18 10:06:49 - mmengine - INFO - per class results:
2023/06/18 10:06:49 - mmengine - INFO - 
+------------+-------+-------+
|   Class    |  IoU  |  Acc  |
+------------+-------+-------+
|    red     | 87.66 |  98.4 |
|   green    | 89.86 | 96.48 |
|   white    |  2.19 |  2.19 |
| seed-black | 56.74 | 73.26 |
| seed-white |  0.0  |  0.0  |
|  tabBlue   |  0.0  |  0.0  |
+------------+-------+-------+
2023/06/18 10:06:49 - mmengine - INFO - Iter(val) [11/11]    aAcc: 88.8300  mIoU: 39.4100  mAcc: 45.0500  data_time: 0.0113  time: 0.0325
2023/06/18 10:06:56 - mmengine - INFO - Iter(train) [ 130/1000]  lr: 9.9856e-03  eta: 0:10:50  time: 0.7088  data_time: 0.0282  memory: 2773  loss: 0.3347  decode.loss_ce: 0.2123  decode.acc_seg: 94.3370  aux.loss_ce: 0.1224  aux.acc_seg: 92.4555
2023/06/18 10:07:03 - mmengine - INFO - Iter(train) [ 140/1000]  lr: 9.9845e-03  eta: 0:10:41  time: 0.7189  data_time: 0.0288  memory: 2773  loss: 0.3283  decode.loss_ce: 0.2082  decode.acc_seg: 88.3645  aux.loss_ce: 0.1202  aux.acc_seg: 83.1846
2023/06/18 10:07:03 - mmengine - INFO - Iter(val) [10/11]    eta: 0:00:00  time: 0.0337  data_time: 0.0113  memory: 264  
2023/06/18 10:07:03 - mmengine - INFO - per class results:
2023/06/18 10:07:03 - mmengine - INFO - 
+------------+-------+-------+
|   Class    |  IoU  |  Acc  |
+------------+-------+-------+
|    red     | 91.71 | 97.82 |
|   green    | 90.61 | 97.42 |
|   white    | 50.85 |  52.0 |
| seed-black |  62.0 | 76.16 |
| seed-white |  0.0  |  0.0  |
|  tabBlue   |  0.0  |  0.0  |
+------------+-------+-------+
2023/06/18 10:07:03 - mmengine - INFO - Iter(val) [11/11]    aAcc: 92.3500  mIoU: 49.1900  mAcc: 53.9000  data_time: 0.0105  time: 0.0321
2023/06/18 10:07:10 - mmengine - INFO - Iter(train) [ 150/1000]  lr: 9.9834e-03  eta: 0:10:30  time: 0.6878  data_time: 0.0156  memory: 2772  loss: 0.3152  decode.loss_ce: 0.1990  decode.acc_seg: 92.4288  aux.loss_ce: 0.1162  aux.acc_seg: 83.6279
2023/06/18 10:07:17 - mmengine - INFO - Iter(train) [ 160/1000]  lr: 9.9823e-03  eta: 0:10:21  time: 0.7151  data_time: 0.0248  memory: 2772  loss: 0.3258  decode.loss_ce: 0.2027  decode.acc_seg: 92.5528  aux.loss_ce: 0.1232  aux.acc_seg: 89.7935
2023/06/18 10:07:18 - mmengine - INFO - Iter(val) [10/11]    eta: 0:00:00  time: 0.0407  data_time: 0.0169  memory: 264  
2023/06/18 10:07:18 - mmengine - INFO - per class results:
2023/06/18 10:07:18 - mmengine - INFO - 
+------------+-------+-------+
|   Class    |  IoU  |  Acc  |
+------------+-------+-------+
|    red     | 87.48 | 90.74 |
|   green    | 88.67 | 96.51 |
|   white    | 47.75 | 74.86 |
| seed-black | 63.68 | 80.26 |
| seed-white |  0.0  |  0.0  |
|  tabBlue   |  0.0  |  0.0  |
+------------+-------+-------+
2023/06/18 10:07:18 - mmengine - INFO - Iter(val) [11/11]    aAcc: 89.7800  mIoU: 47.9300  mAcc: 57.0600  data_time: 0.0152  time: 0.0381
2023/06/18 10:07:25 - mmengine - INFO - Iter(train) [ 170/1000]  lr: 9.9812e-03  eta: 0:10:12  time: 0.7049  data_time: 0.0229  memory: 2772  loss: 0.2784  decode.loss_ce: 0.1722  decode.acc_seg: 94.1263  aux.loss_ce: 0.1062  aux.acc_seg: 90.8395
2023/06/18 10:07:32 - mmengine - INFO - Iter(train) [ 180/1000]  lr: 9.9801e-03  eta: 0:10:03  time: 0.6904  data_time: 0.0163  memory: 2773  loss: 0.2827  decode.loss_ce: 0.1712  decode.acc_seg: 91.9608  aux.loss_ce: 0.1115  aux.acc_seg: 84.7352
2023/06/18 10:07:32 - mmengine - INFO - Iter(val) [10/11]    eta: 0:00:00  time: 0.0394  data_time: 0.0163  memory: 264  
2023/06/18 10:07:32 - mmengine - INFO - per class results:
2023/06/18 10:07:32 - mmengine - INFO - 
+------------+-------+-------+
|   Class    |  IoU  |  Acc  |
+------------+-------+-------+
|    red     | 93.65 | 96.67 |
|   green    | 90.52 | 97.54 |
|   white    | 71.02 | 82.95 |
| seed-black | 66.24 | 76.37 |
| seed-white |  0.0  |  0.0  |
|  tabBlue   |  0.0  |  0.0  |
+------------+-------+-------+
2023/06/18 10:07:32 - mmengine - INFO - Iter(val) [11/11]    aAcc: 93.8400  mIoU: 53.5700  mAcc: 58.9200  data_time: 0.0147  time: 0.0371
2023/06/18 10:07:39 - mmengine - INFO - Iter(train) [ 190/1000]  lr: 9.9789e-03  eta: 0:09:54  time: 0.7134  data_time: 0.0301  memory: 2773  loss: 0.2604  decode.loss_ce: 0.1617  decode.acc_seg: 89.8523  aux.loss_ce: 0.0987  aux.acc_seg: 91.9543
2023/06/18 10:07:46 - mmengine - INFO - Iter(train) [ 200/1000]  lr: 9.9778e-03  eta: 0:09:46  time: 0.7057  data_time: 0.0251  memory: 2772  loss: 0.2704  decode.loss_ce: 0.1640  decode.acc_seg: 93.6849  aux.loss_ce: 0.1064  aux.acc_seg: 91.7226
2023/06/18 10:07:46 - mmengine - INFO - Saving checkpoint at 200 iterations
2023/06/18 10:07:48 - mmengine - INFO - Iter(val) [10/11]    eta: 0:00:00  time: 0.0347  data_time: 0.0130  memory: 264  
2023/06/18 10:07:48 - mmengine - INFO - per class results:
2023/06/18 10:07:48 - mmengine - INFO - 
+------------+-------+-------+
|   Class    |  IoU  |  Acc  |
+------------+-------+-------+
|    red     | 94.26 | 98.25 |
|   green    | 91.21 | 96.42 |
|   white    | 75.24 | 79.89 |
| seed-black | 69.17 | 79.91 |
| seed-white |  0.0  |  0.0  |
|  tabBlue   |  0.0  |  0.0  |
+------------+-------+-------+
2023/06/18 10:07:48 - mmengine - INFO - Iter(val) [11/11]    aAcc: 94.5000  mIoU: 54.9800  mAcc: 59.0800  data_time: 0.0119  time: 0.0330
2023/06/18 10:07:55 - mmengine - INFO - Iter(train) [ 210/1000]  lr: 9.9767e-03  eta: 0:09:37  time: 0.6946  data_time: 0.0199  memory: 2773  loss: 0.2418  decode.loss_ce: 0.1474  decode.acc_seg: 94.8513  aux.loss_ce: 0.0943  aux.acc_seg: 89.2103
2023/06/18 10:08:02 - mmengine - INFO - Iter(train) [ 220/1000]  lr: 9.9756e-03  eta: 0:09:29  time: 0.7100  data_time: 0.0272  memory: 2774  loss: 0.2974  decode.loss_ce: 0.1870  decode.acc_seg: 92.0415  aux.loss_ce: 0.1104  aux.acc_seg: 86.4360
2023/06/18 10:08:02 - mmengine - INFO - Iter(val) [10/11]    eta: 0:00:00  time: 0.0428  data_time: 0.0191  memory: 264  
2023/06/18 10:08:02 - mmengine - INFO - per class results:
2023/06/18 10:08:02 - mmengine - INFO - 
+------------+-------+-------+
|   Class    |  IoU  |  Acc  |
+------------+-------+-------+
|    red     | 94.25 | 97.22 |
|   green    | 90.95 | 96.88 |
|   white    | 74.81 | 80.95 |
| seed-black | 69.47 | 84.26 |
| seed-white |  0.0  |  0.0  |
|  tabBlue   |  0.0  |  0.0  |
+------------+-------+-------+
2023/06/18 10:08:02 - mmengine - INFO - Iter(val) [11/11]    aAcc: 94.3900  mIoU: 54.9100  mAcc: 59.8900  data_time: 0.0171  time: 0.0399
2023/06/18 10:08:09 - mmengine - INFO - Iter(train) [ 230/1000]  lr: 9.9745e-03  eta: 0:09:20  time: 0.6865  data_time: 0.0179  memory: 2773  loss: 0.2048  decode.loss_ce: 0.1281  decode.acc_seg: 92.9746  aux.loss_ce: 0.0767  aux.acc_seg: 85.5995
2023/06/18 10:08:16 - mmengine - INFO - Iter(train) [ 240/1000]  lr: 9.9734e-03  eta: 0:09:12  time: 0.6913  data_time: 0.0201  memory: 2772  loss: 0.2325  decode.loss_ce: 0.1405  decode.acc_seg: 93.0340  aux.loss_ce: 0.0919  aux.acc_seg: 84.0271
2023/06/18 10:08:16 - mmengine - INFO - Iter(val) [10/11]    eta: 0:00:00  time: 0.0467  data_time: 0.0236  memory: 264  
2023/06/18 10:08:16 - mmengine - INFO - per class results:
2023/06/18 10:08:16 - mmengine - INFO - 
+------------+-------+-------+
|   Class    |  IoU  |  Acc  |
+------------+-------+-------+
|    red     | 75.87 | 77.26 |
|   green    | 90.72 | 98.03 |
|   white    | 33.65 | 94.67 |
| seed-black | 72.91 | 80.73 |
| seed-white |  0.0  |  0.0  |
|  tabBlue   |  0.0  |  0.0  |
+------------+-------+-------+
2023/06/18 10:08:16 - mmengine - INFO - Iter(val) [11/11]    aAcc: 83.6300  mIoU: 45.5200  mAcc: 58.4500  data_time: 0.0209  time: 0.0434
2023/06/18 10:08:24 - mmengine - INFO - Iter(train) [ 250/1000]  lr: 9.9723e-03  eta: 0:09:04  time: 0.7137  data_time: 0.0277  memory: 2772  loss: 0.2063  decode.loss_ce: 0.1222  decode.acc_seg: 93.3614  aux.loss_ce: 0.0841  aux.acc_seg: 85.9567
2023/06/18 10:08:31 - mmengine - INFO - Iter(train) [ 260/1000]  lr: 9.9711e-03  eta: 0:08:56  time: 0.6941  data_time: 0.0210  memory: 2772  loss: 0.1864  decode.loss_ce: 0.1129  decode.acc_seg: 96.0095  aux.loss_ce: 0.0735  aux.acc_seg: 94.6532
2023/06/18 10:08:31 - mmengine - INFO - Iter(val) [10/11]    eta: 0:00:00  time: 0.0347  data_time: 0.0109  memory: 264  
2023/06/18 10:08:31 - mmengine - INFO - per class results:
2023/06/18 10:08:31 - mmengine - INFO - 
+------------+-------+-------+
|   Class    |  IoU  |  Acc  |
+------------+-------+-------+
|    red     | 77.71 | 79.36 |
|   green    | 90.43 | 97.69 |
|   white    | 34.62 | 90.33 |
| seed-black | 72.07 | 82.62 |
| seed-white |  0.12 |  0.12 |
|  tabBlue   |  0.0  |  0.0  |
+------------+-------+-------+
2023/06/18 10:08:31 - mmengine - INFO - Iter(val) [11/11]    aAcc: 84.6000  mIoU: 45.8300  mAcc: 58.3500  data_time: 0.0102  time: 0.0332
2023/06/18 10:08:38 - mmengine - INFO - Iter(train) [ 270/1000]  lr: 9.9700e-03  eta: 0:08:48  time: 0.7067  data_time: 0.0249  memory: 2772  loss: 0.1968  decode.loss_ce: 0.1152  decode.acc_seg: 94.7101  aux.loss_ce: 0.0815  aux.acc_seg: 92.5990
2023/06/18 10:08:45 - mmengine - INFO - Iter(train) [ 280/1000]  lr: 9.9689e-03  eta: 0:08:41  time: 0.7280  data_time: 0.0343  memory: 2774  loss: 0.2012  decode.loss_ce: 0.1233  decode.acc_seg: 95.7054  aux.loss_ce: 0.0780  aux.acc_seg: 93.8702
2023/06/18 10:08:46 - mmengine - INFO - Iter(val) [10/11]    eta: 0:00:00  time: 0.0789  data_time: 0.0356  memory: 264  
2023/06/18 10:08:46 - mmengine - INFO - per class results:
2023/06/18 10:08:46 - mmengine - INFO - 
+------------+-------+-------+
|   Class    |  IoU  |  Acc  |
+------------+-------+-------+
|    red     | 79.72 | 81.62 |
|   green    | 91.09 | 96.65 |
|   white    | 37.02 | 91.45 |
| seed-black | 74.52 |  85.2 |
| seed-white |  3.48 |  3.48 |
|  tabBlue   |  0.0  |  0.0  |
+------------+-------+-------+
2023/06/18 10:08:46 - mmengine - INFO - Iter(val) [11/11]    aAcc: 85.9300  mIoU: 47.6400  mAcc: 59.7300  data_time: 0.0315  time: 0.0705
2023/06/18 10:08:53 - mmengine - INFO - Iter(train) [ 290/1000]  lr: 9.9678e-03  eta: 0:08:34  time: 0.7219  data_time: 0.0283  memory: 2773  loss: 0.1952  decode.loss_ce: 0.1165  decode.acc_seg: 94.1826  aux.loss_ce: 0.0787  aux.acc_seg: 89.4394
2023/06/18 10:09:01 - mmengine - INFO - Iter(train) [ 300/1000]  lr: 9.9667e-03  eta: 0:08:27  time: 0.7327  data_time: 0.0352  memory: 2772  loss: 0.1793  decode.loss_ce: 0.1107  decode.acc_seg: 95.5367  aux.loss_ce: 0.0686  aux.acc_seg: 93.2749
2023/06/18 10:09:01 - mmengine - INFO - Saving checkpoint at 300 iterations
2023/06/18 10:09:03 - mmengine - INFO - Iter(val) [10/11]    eta: 0:00:00  time: 0.0663  data_time: 0.0296  memory: 264  
2023/06/18 10:09:03 - mmengine - INFO - per class results:
2023/06/18 10:09:03 - mmengine - INFO - 
+------------+-------+-------+
|   Class    |  IoU  |  Acc  |
+------------+-------+-------+
|    red     | 87.47 | 88.87 |
|   green    | 91.84 | 97.07 |
|   white    | 51.55 | 95.14 |
| seed-black | 76.75 | 86.86 |
| seed-white | 23.35 | 25.08 |
|  tabBlue   |  0.0  |  0.0  |
+------------+-------+-------+
2023/06/18 10:09:03 - mmengine - INFO - Iter(val) [11/11]    aAcc: 90.8100  mIoU: 55.1600  mAcc: 65.5000  data_time: 0.0265  time: 0.0603
2023/06/18 10:09:10 - mmengine - INFO - Iter(train) [ 310/1000]  lr: 9.9656e-03  eta: 0:08:20  time: 0.7306  data_time: 0.0407  memory: 2772  loss: 0.1889  decode.loss_ce: 0.1185  decode.acc_seg: 95.8698  aux.loss_ce: 0.0705  aux.acc_seg: 94.8442
2023/06/18 10:09:17 - mmengine - INFO - Iter(train) [ 320/1000]  lr: 9.9645e-03  eta: 0:08:12  time: 0.6988  data_time: 0.0200  memory: 2772  loss: 0.1672  decode.loss_ce: 0.1028  decode.acc_seg: 95.6018  aux.loss_ce: 0.0644  aux.acc_seg: 93.9298
2023/06/18 10:09:18 - mmengine - INFO - Iter(val) [10/11]    eta: 0:00:00  time: 0.0537  data_time: 0.0220  memory: 264  
2023/06/18 10:09:18 - mmengine - INFO - per class results:
2023/06/18 10:09:18 - mmengine - INFO - 
+------------+-------+-------+
|   Class    |  IoU  |  Acc  |
+------------+-------+-------+
|    red     | 74.81 | 76.15 |
|   green    | 90.68 | 97.33 |
|   white    | 31.38 | 91.17 |
| seed-black | 73.26 | 84.07 |
| seed-white | 22.01 | 23.16 |
|  tabBlue   |  0.0  |  0.0  |
+------------+-------+-------+
2023/06/18 10:09:18 - mmengine - INFO - Iter(val) [11/11]    aAcc: 82.9100  mIoU: 48.6900  mAcc: 61.9800  data_time: 0.0195  time: 0.0490
2023/06/18 10:09:25 - mmengine - INFO - Iter(train) [ 330/1000]  lr: 9.9633e-03  eta: 0:08:05  time: 0.7231  data_time: 0.0335  memory: 2772  loss: 0.1775  decode.loss_ce: 0.1098  decode.acc_seg: 96.2898  aux.loss_ce: 0.0677  aux.acc_seg: 93.6896
2023/06/18 10:09:33 - mmengine - INFO - Iter(train) [ 340/1000]  lr: 9.9622e-03  eta: 0:07:58  time: 0.7503  data_time: 0.0419  memory: 2773  loss: 0.1475  decode.loss_ce: 0.0905  decode.acc_seg: 94.8655  aux.loss_ce: 0.0571  aux.acc_seg: 92.0161
2023/06/18 10:09:33 - mmengine - INFO - Iter(val) [10/11]    eta: 0:00:00  time: 0.0420  data_time: 0.0180  memory: 264  
2023/06/18 10:09:33 - mmengine - INFO - per class results:
2023/06/18 10:09:33 - mmengine - INFO - 
+------------+-------+-------+
|   Class    |  IoU  |  Acc  |
+------------+-------+-------+
|    red     | 91.06 | 92.99 |
|   green    | 91.31 | 97.12 |
|   white    | 62.55 | 92.41 |
| seed-black | 76.14 |  83.8 |
| seed-white | 35.79 | 43.96 |
|  tabBlue   |  0.0  |  0.0  |
+------------+-------+-------+
2023/06/18 10:09:33 - mmengine - INFO - Iter(val) [11/11]    aAcc: 92.9700  mIoU: 59.4700  mAcc: 68.3800  data_time: 0.0162  time: 0.0391
2023/06/18 10:09:40 - mmengine - INFO - Iter(train) [ 350/1000]  lr: 9.9611e-03  eta: 0:07:50  time: 0.6975  data_time: 0.0191  memory: 2773  loss: 0.1820  decode.loss_ce: 0.1121  decode.acc_seg: 94.8840  aux.loss_ce: 0.0699  aux.acc_seg: 92.0757
2023/06/18 10:09:48 - mmengine - INFO - Iter(train) [ 360/1000]  lr: 9.9600e-03  eta: 0:07:43  time: 0.7375  data_time: 0.0380  memory: 2772  loss: 0.1658  decode.loss_ce: 0.1002  decode.acc_seg: 97.2068  aux.loss_ce: 0.0655  aux.acc_seg: 94.7866
2023/06/18 10:09:48 - mmengine - INFO - Iter(val) [10/11]    eta: 0:00:00  time: 0.0607  data_time: 0.0318  memory: 264  
2023/06/18 10:09:48 - mmengine - INFO - per class results:
2023/06/18 10:09:48 - mmengine - INFO - 
+------------+-------+-------+
|   Class    |  IoU  |  Acc  |
+------------+-------+-------+
|    red     | 85.77 | 87.53 |
|   green    | 91.67 |  96.7 |
|   white    | 46.69 | 92.13 |
| seed-black | 76.15 | 85.92 |
| seed-white | 32.57 | 36.81 |
|  tabBlue   |  0.0  |  0.0  |
+------------+-------+-------+
2023/06/18 10:09:48 - mmengine - INFO - Iter(val) [11/11]    aAcc: 89.7200  mIoU: 55.4700  mAcc: 66.5100  data_time: 0.0276  time: 0.0549
2023/06/18 10:09:56 - mmengine - INFO - Iter(train) [ 370/1000]  lr: 9.9589e-03  eta: 0:07:36  time: 0.7553  data_time: 0.0441  memory: 2772  loss: 0.1603  decode.loss_ce: 0.1017  decode.acc_seg: 95.9843  aux.loss_ce: 0.0585  aux.acc_seg: 94.7517
2023/06/18 10:10:03 - mmengine - INFO - Iter(train) [ 380/1000]  lr: 9.9578e-03  eta: 0:07:29  time: 0.6997  data_time: 0.0196  memory: 2773  loss: 0.1612  decode.loss_ce: 0.1005  decode.acc_seg: 94.1875  aux.loss_ce: 0.0607  aux.acc_seg: 90.6031
2023/06/18 10:10:03 - mmengine - INFO - Iter(val) [10/11]    eta: 0:00:00  time: 0.0397  data_time: 0.0172  memory: 264  
2023/06/18 10:10:03 - mmengine - INFO - per class results:
2023/06/18 10:10:03 - mmengine - INFO - 
+------------+-------+-------+
|   Class    |  IoU  |  Acc  |
+------------+-------+-------+
|    red     |  89.7 | 91.49 |
|   green    | 91.48 | 97.22 |
|   white    | 58.26 |  93.7 |
| seed-black | 76.03 | 84.17 |
| seed-white | 32.76 |  37.0 |
|  tabBlue   |  0.0  |  0.0  |
+------------+-------+-------+
2023/06/18 10:10:03 - mmengine - INFO - Iter(val) [11/11]    aAcc: 92.1800  mIoU: 58.0400  mAcc: 67.2600  data_time: 0.0154  time: 0.0374
2023/06/18 10:10:10 - mmengine - INFO - Iter(train) [ 390/1000]  lr: 9.9567e-03  eta: 0:07:21  time: 0.7199  data_time: 0.0274  memory: 2772  loss: 0.1471  decode.loss_ce: 0.0917  decode.acc_seg: 94.8306  aux.loss_ce: 0.0554  aux.acc_seg: 92.1784
2023/06/18 10:10:18 - mmengine - INFO - Iter(train) [ 400/1000]  lr: 9.9555e-03  eta: 0:07:14  time: 0.7374  data_time: 0.0401  memory: 2773  loss: 0.1409  decode.loss_ce: 0.0898  decode.acc_seg: 96.5650  aux.loss_ce: 0.0512  aux.acc_seg: 95.8763
2023/06/18 10:10:18 - mmengine - INFO - Saving checkpoint at 400 iterations
2023/06/18 10:10:20 - mmengine - INFO - Iter(val) [10/11]    eta: 0:00:00  time: 0.0345  data_time: 0.0122  memory: 264  
2023/06/18 10:10:20 - mmengine - INFO - per class results:
2023/06/18 10:10:20 - mmengine - INFO - 
+------------+-------+-------+
|   Class    |  IoU  |  Acc  |
+------------+-------+-------+
|    red     | 94.05 |  95.6 |
|   green    | 91.61 | 96.87 |
|   white    |  77.1 | 93.38 |
| seed-black | 73.76 | 87.02 |
| seed-white | 36.24 | 43.08 |
|  tabBlue   |  0.0  |  0.0  |
+------------+-------+-------+
2023/06/18 10:10:20 - mmengine - INFO - Iter(val) [11/11]    aAcc: 94.7200  mIoU: 62.1300  mAcc: 69.3200  data_time: 0.0114  time: 0.0330
2023/06/18 10:10:27 - mmengine - INFO - Iter(train) [ 410/1000]  lr: 9.9544e-03  eta: 0:07:07  time: 0.6857  data_time: 0.0167  memory: 2772  loss: 0.1526  decode.loss_ce: 0.0950  decode.acc_seg: 95.9848  aux.loss_ce: 0.0576  aux.acc_seg: 94.5186
2023/06/18 10:10:34 - mmengine - INFO - Iter(train) [ 420/1000]  lr: 9.9533e-03  eta: 0:06:59  time: 0.7286  data_time: 0.0356  memory: 2773  loss: 0.1316  decode.loss_ce: 0.0808  decode.acc_seg: 97.0034  aux.loss_ce: 0.0508  aux.acc_seg: 96.1816
2023/06/18 10:10:34 - mmengine - INFO - Iter(val) [10/11]    eta: 0:00:00  time: 0.0579  data_time: 0.0275  memory: 264  
2023/06/18 10:10:34 - mmengine - INFO - per class results:
2023/06/18 10:10:34 - mmengine - INFO - 
+------------+-------+-------+
|   Class    |  IoU  |  Acc  |
+------------+-------+-------+
|    red     | 88.98 | 90.74 |
|   green    |  92.1 | 97.21 |
|   white    | 55.17 | 94.04 |
| seed-black | 76.26 | 83.47 |
| seed-white | 37.48 | 45.35 |
|  tabBlue   |  0.0  |  0.0  |
+------------+-------+-------+
2023/06/18 10:10:34 - mmengine - INFO - Iter(val) [11/11]    aAcc: 91.7600  mIoU: 58.3300  mAcc: 68.4700  data_time: 0.0252  time: 0.0540
2023/06/18 10:10:41 - mmengine - INFO - Iter(train) [ 430/1000]  lr: 9.9522e-03  eta: 0:06:52  time: 0.7012  data_time: 0.0212  memory: 2772  loss: 0.1318  decode.loss_ce: 0.0838  decode.acc_seg: 95.5012  aux.loss_ce: 0.0479  aux.acc_seg: 94.4841
2023/06/18 10:10:48 - mmengine - INFO - Iter(train) [ 440/1000]  lr: 9.9511e-03  eta: 0:06:44  time: 0.6846  data_time: 0.0152  memory: 2772  loss: 0.1370  decode.loss_ce: 0.0842  decode.acc_seg: 96.3285  aux.loss_ce: 0.0527  aux.acc_seg: 94.0327
2023/06/18 10:10:49 - mmengine - INFO - Iter(val) [10/11]    eta: 0:00:00  time: 0.0336  data_time: 0.0123  memory: 265  
2023/06/18 10:10:49 - mmengine - INFO - per class results:
2023/06/18 10:10:49 - mmengine - INFO - 
+------------+-------+-------+
|   Class    |  IoU  |  Acc  |
+------------+-------+-------+
|    red     | 95.71 | 97.04 |
|   green    |  92.5 | 97.41 |
|   white    | 82.76 | 95.44 |
| seed-black | 78.12 | 86.88 |
| seed-white | 36.85 | 43.46 |
|  tabBlue   |  0.0  |  0.0  |
+------------+-------+-------+
2023/06/18 10:10:49 - mmengine - INFO - Iter(val) [11/11]    aAcc: 95.8500  mIoU: 64.3200  mAcc: 70.0400  data_time: 0.0124  time: 0.0338
2023/06/18 10:10:56 - mmengine - INFO - Iter(train) [ 450/1000]  lr: 9.9500e-03  eta: 0:06:37  time: 0.7027  data_time: 0.0213  memory: 2773  loss: 0.1255  decode.loss_ce: 0.0783  decode.acc_seg: 96.5392  aux.loss_ce: 0.0473  aux.acc_seg: 95.1131
2023/06/18 10:11:03 - mmengine - INFO - Iter(train) [ 460/1000]  lr: 9.9489e-03  eta: 0:06:29  time: 0.7186  data_time: 0.0258  memory: 2772  loss: 0.1395  decode.loss_ce: 0.0885  decode.acc_seg: 96.2468  aux.loss_ce: 0.0510  aux.acc_seg: 95.1723
2023/06/18 10:11:03 - mmengine - INFO - Iter(val) [10/11]    eta: 0:00:00  time: 0.0340  data_time: 0.0123  memory: 264  
2023/06/18 10:11:03 - mmengine - INFO - per class results:
2023/06/18 10:11:03 - mmengine - INFO - 
+------------+-------+-------+
|   Class    |  IoU  |  Acc  |
+------------+-------+-------+
|    red     | 80.78 | 81.96 |
|   green    | 92.27 | 97.09 |
|   white    | 39.12 | 95.78 |
| seed-black | 78.04 | 86.22 |
| seed-white | 42.92 | 57.51 |
|  tabBlue   |  0.0  |  0.0  |
+------------+-------+-------+
2023/06/18 10:11:03 - mmengine - INFO - Iter(val) [11/11]    aAcc: 86.9300  mIoU: 55.5200  mAcc: 69.7600  data_time: 0.0114  time: 0.0325
2023/06/18 10:11:10 - mmengine - INFO - Iter(train) [ 470/1000]  lr: 9.9477e-03  eta: 0:06:22  time: 0.6857  data_time: 0.0163  memory: 2773  loss: 0.1521  decode.loss_ce: 0.0958  decode.acc_seg: 96.3603  aux.loss_ce: 0.0564  aux.acc_seg: 94.9084
2023/06/18 10:11:17 - mmengine - INFO - Iter(train) [ 480/1000]  lr: 9.9466e-03  eta: 0:06:14  time: 0.7071  data_time: 0.0262  memory: 2772  loss: 0.1451  decode.loss_ce: 0.0894  decode.acc_seg: 95.8883  aux.loss_ce: 0.0556  aux.acc_seg: 93.6625
2023/06/18 10:11:18 - mmengine - INFO - Iter(val) [10/11]    eta: 0:00:00  time: 0.0427  data_time: 0.0165  memory: 264  
2023/06/18 10:11:18 - mmengine - INFO - per class results:
2023/06/18 10:11:18 - mmengine - INFO - 
+------------+-------+-------+
|   Class    |  IoU  |  Acc  |
+------------+-------+-------+
|    red     | 94.57 | 96.31 |
|   green    | 92.73 | 96.89 |
|   white    | 76.81 | 95.11 |
| seed-black | 77.78 | 86.35 |
| seed-white | 38.26 | 45.32 |
|  tabBlue   |  0.0  |  0.0  |
+------------+-------+-------+
2023/06/18 10:11:18 - mmengine - INFO - Iter(val) [11/11]    aAcc: 95.2300  mIoU: 63.3600  mAcc: 70.0000  data_time: 0.0152  time: 0.0401
2023/06/18 10:11:25 - mmengine - INFO - Iter(train) [ 490/1000]  lr: 9.9455e-03  eta: 0:06:07  time: 0.7019  data_time: 0.0236  memory: 2773  loss: 0.1256  decode.loss_ce: 0.0795  decode.acc_seg: 96.7877  aux.loss_ce: 0.0461  aux.acc_seg: 96.3962
2023/06/18 10:11:32 - mmengine - INFO - Iter(train) [ 500/1000]  lr: 9.9444e-03  eta: 0:05:59  time: 0.6856  data_time: 0.0154  memory: 2773  loss: 0.1484  decode.loss_ce: 0.0956  decode.acc_seg: 96.3333  aux.loss_ce: 0.0528  aux.acc_seg: 95.5467
2023/06/18 10:11:32 - mmengine - INFO - Saving checkpoint at 500 iterations
2023/06/18 10:11:33 - mmengine - INFO - Iter(val) [10/11]    eta: 0:00:00  time: 0.0436  data_time: 0.0205  memory: 264  
2023/06/18 10:11:33 - mmengine - INFO - per class results:
2023/06/18 10:11:33 - mmengine - INFO - 
+------------+-------+-------+
|   Class    |  IoU  |  Acc  |
+------------+-------+-------+
|    red     | 72.86 | 73.96 |
|   green    |  91.9 | 96.75 |
|   white    | 30.02 | 94.14 |
| seed-black | 76.25 | 86.83 |
| seed-white | 42.49 | 50.99 |
|  tabBlue   |  0.0  |  0.0  |
+------------+-------+-------+
2023/06/18 10:11:34 - mmengine - INFO - Iter(val) [11/11]    aAcc: 82.0200  mIoU: 52.2500  mAcc: 67.1100  data_time: 0.0185  time: 0.0414
2023/06/18 10:11:41 - mmengine - INFO - Iter(train) [ 510/1000]  lr: 9.9433e-03  eta: 0:05:52  time: 0.7040  data_time: 0.0238  memory: 2772  loss: 0.1370  decode.loss_ce: 0.0874  decode.acc_seg: 96.3442  aux.loss_ce: 0.0496  aux.acc_seg: 96.0423
2023/06/18 10:11:47 - mmengine - INFO - Iter(train) [ 520/1000]  lr: 9.9422e-03  eta: 0:05:45  time: 0.6967  data_time: 0.0165  memory: 2773  loss: 0.1426  decode.loss_ce: 0.0917  decode.acc_seg: 96.2450  aux.loss_ce: 0.0509  aux.acc_seg: 95.9588
2023/06/18 10:11:48 - mmengine - INFO - Iter(val) [10/11]    eta: 0:00:00  time: 0.0337  data_time: 0.0124  memory: 264  
2023/06/18 10:11:48 - mmengine - INFO - per class results:
2023/06/18 10:11:48 - mmengine - INFO - 
+------------+-------+-------+
|   Class    |  IoU  |  Acc  |
+------------+-------+-------+
|    red     | 93.51 | 94.98 |
|   green    | 92.61 | 97.43 |
|   white    | 72.14 | 94.58 |
| seed-black |  77.1 | 86.83 |
| seed-white |  39.2 | 46.72 |
|  tabBlue   |  0.0  |  0.0  |
+------------+-------+-------+
2023/06/18 10:11:48 - mmengine - INFO - Iter(val) [11/11]    aAcc: 94.5900  mIoU: 62.4300  mAcc: 70.0900  data_time: 0.0116  time: 0.0328
2023/06/18 10:11:55 - mmengine - INFO - Iter(train) [ 530/1000]  lr: 9.9411e-03  eta: 0:05:37  time: 0.6964  data_time: 0.0180  memory: 2772  loss: 0.1422  decode.loss_ce: 0.0875  decode.acc_seg: 96.0955  aux.loss_ce: 0.0547  aux.acc_seg: 95.0728
2023/06/18 10:12:02 - mmengine - INFO - Iter(train) [ 540/1000]  lr: 9.9399e-03  eta: 0:05:30  time: 0.7201  data_time: 0.0326  memory: 2773  loss: 0.1554  decode.loss_ce: 0.0988  decode.acc_seg: 96.2885  aux.loss_ce: 0.0566  aux.acc_seg: 95.2130
2023/06/18 10:12:02 - mmengine - INFO - Iter(val) [10/11]    eta: 0:00:00  time: 0.0424  data_time: 0.0185  memory: 264  
2023/06/18 10:12:02 - mmengine - INFO - per class results:
2023/06/18 10:12:03 - mmengine - INFO - 
+------------+-------+-------+
|   Class    |  IoU  |  Acc  |
+------------+-------+-------+
|    red     |  90.6 | 91.77 |
|   green    | 91.79 | 97.64 |
|   white    | 61.22 | 95.92 |
| seed-black | 77.04 | 85.92 |
| seed-white | 39.09 | 45.69 |
|  tabBlue   |  0.0  |  0.0  |
+------------+-------+-------+
2023/06/18 10:12:03 - mmengine - INFO - Iter(val) [11/11]    aAcc: 92.7800  mIoU: 59.9600  mAcc: 69.4900  data_time: 0.0165  time: 0.0396
2023/06/18 10:12:09 - mmengine - INFO - Iter(train) [ 550/1000]  lr: 9.9388e-03  eta: 0:05:23  time: 0.6916  data_time: 0.0196  memory: 2773  loss: 0.1296  decode.loss_ce: 0.0821  decode.acc_seg: 96.9991  aux.loss_ce: 0.0475  aux.acc_seg: 95.8328
2023/06/18 10:12:16 - mmengine - INFO - Iter(train) [ 560/1000]  lr: 9.9377e-03  eta: 0:05:15  time: 0.6866  data_time: 0.0182  memory: 2773  loss: 0.1374  decode.loss_ce: 0.0869  decode.acc_seg: 96.7952  aux.loss_ce: 0.0504  aux.acc_seg: 94.9448
2023/06/18 10:12:17 - mmengine - INFO - Iter(val) [10/11]    eta: 0:00:00  time: 0.0434  data_time: 0.0195  memory: 266  
2023/06/18 10:12:17 - mmengine - INFO - per class results:
2023/06/18 10:12:17 - mmengine - INFO - 
+------------+-------+-------+
|   Class    |  IoU  |  Acc  |
+------------+-------+-------+
|    red     | 96.41 | 97.88 |
|   green    | 92.28 | 97.26 |
|   white    | 88.37 | 94.59 |
| seed-black | 78.12 | 86.74 |
| seed-white | 42.14 | 52.67 |
|  tabBlue   |  0.0  |  0.0  |
+------------+-------+-------+
2023/06/18 10:12:17 - mmengine - INFO - Iter(val) [11/11]    aAcc: 96.2900  mIoU: 66.2200  mAcc: 71.5200  data_time: 0.0176  time: 0.0406
2023/06/18 10:12:24 - mmengine - INFO - Iter(train) [ 570/1000]  lr: 9.9366e-03  eta: 0:05:08  time: 0.7380  data_time: 0.0383  memory: 2772  loss: 0.1355  decode.loss_ce: 0.0871  decode.acc_seg: 96.0275  aux.loss_ce: 0.0483  aux.acc_seg: 95.6090
2023/06/18 10:12:31 - mmengine - INFO - Iter(train) [ 580/1000]  lr: 9.9355e-03  eta: 0:05:01  time: 0.6908  data_time: 0.0185  memory: 2773  loss: 0.1505  decode.loss_ce: 0.0962  decode.acc_seg: 96.9763  aux.loss_ce: 0.0543  aux.acc_seg: 96.3885
2023/06/18 10:12:31 - mmengine - INFO - Iter(val) [10/11]    eta: 0:00:00  time: 0.0332  data_time: 0.0114  memory: 264  
2023/06/18 10:12:31 - mmengine - INFO - per class results:
2023/06/18 10:12:31 - mmengine - INFO - 
+------------+-------+-------+
|   Class    |  IoU  |  Acc  |
+------------+-------+-------+
|    red     |  80.7 | 82.35 |
|   green    | 91.99 | 96.02 |
|   white    | 37.81 | 91.96 |
| seed-black | 76.15 | 87.47 |
| seed-white | 43.45 | 53.88 |
|  tabBlue   |  0.0  |  0.0  |
+------------+-------+-------+
2023/06/18 10:12:31 - mmengine - INFO - Iter(val) [11/11]    aAcc: 86.6800  mIoU: 55.0200  mAcc: 68.6100  data_time: 0.0107  time: 0.0318
2023/06/18 10:12:38 - mmengine - INFO - Iter(train) [ 590/1000]  lr: 9.9344e-03  eta: 0:04:54  time: 0.6979  data_time: 0.0213  memory: 2773  loss: 0.1285  decode.loss_ce: 0.0825  decode.acc_seg: 96.6154  aux.loss_ce: 0.0460  aux.acc_seg: 95.9983
2023/06/18 10:12:46 - mmengine - INFO - Iter(train) [ 600/1000]  lr: 9.9333e-03  eta: 0:04:46  time: 0.7308  data_time: 0.0403  memory: 2772  loss: 0.1380  decode.loss_ce: 0.0889  decode.acc_seg: 94.9462  aux.loss_ce: 0.0492  aux.acc_seg: 94.5605
2023/06/18 10:12:46 - mmengine - INFO - Saving checkpoint at 600 iterations
2023/06/18 10:12:47 - mmengine - INFO - Iter(val) [10/11]    eta: 0:00:00  time: 0.0332  data_time: 0.0113  memory: 264  
2023/06/18 10:12:47 - mmengine - INFO - per class results:
2023/06/18 10:12:47 - mmengine - INFO - 
+------------+-------+-------+
|   Class    |  IoU  |  Acc  |
+------------+-------+-------+
|    red     |  90.6 | 91.69 |
|   green    | 91.89 | 96.81 |
|   white    | 59.84 | 96.05 |
| seed-black | 76.99 | 87.71 |
| seed-white | 41.59 | 49.19 |
|  tabBlue   |  0.0  |  0.0  |
+------------+-------+-------+
2023/06/18 10:12:47 - mmengine - INFO - Iter(val) [11/11]    aAcc: 92.6700  mIoU: 60.1500  mAcc: 70.2400  data_time: 0.0106  time: 0.0318
2023/06/18 10:12:54 - mmengine - INFO - Iter(train) [ 610/1000]  lr: 9.9321e-03  eta: 0:04:39  time: 0.6865  data_time: 0.0170  memory: 2772  loss: 0.1291  decode.loss_ce: 0.0813  decode.acc_seg: 95.8448  aux.loss_ce: 0.0479  aux.acc_seg: 94.2293
2023/06/18 10:13:01 - mmengine - INFO - Iter(train) [ 620/1000]  lr: 9.9310e-03  eta: 0:04:32  time: 0.7043  data_time: 0.0265  memory: 2773  loss: 0.1008  decode.loss_ce: 0.0654  decode.acc_seg: 96.6809  aux.loss_ce: 0.0354  aux.acc_seg: 96.2757
2023/06/18 10:13:02 - mmengine - INFO - Iter(val) [10/11]    eta: 0:00:00  time: 0.0557  data_time: 0.0239  memory: 264  
2023/06/18 10:13:02 - mmengine - INFO - per class results:
2023/06/18 10:13:02 - mmengine - INFO - 
+------------+-------+-------+
|   Class    |  IoU  |  Acc  |
+------------+-------+-------+
|    red     | 92.37 | 94.11 |
|   green    | 92.88 | 97.35 |
|   white    | 65.51 | 92.13 |
| seed-black | 79.42 | 87.99 |
| seed-white | 41.37 | 49.01 |
|  tabBlue   |  0.0  |  0.0  |
+------------+-------+-------+
2023/06/18 10:13:02 - mmengine - INFO - Iter(val) [11/11]    aAcc: 93.9800  mIoU: 61.9300  mAcc: 70.1000  data_time: 0.0219  time: 0.0528
2023/06/18 10:13:09 - mmengine - INFO - Iter(train) [ 630/1000]  lr: 9.9299e-03  eta: 0:04:25  time: 0.7038  data_time: 0.0250  memory: 2773  loss: 0.1241  decode.loss_ce: 0.0783  decode.acc_seg: 96.6825  aux.loss_ce: 0.0458  aux.acc_seg: 95.8186
2023/06/18 10:13:15 - mmengine - INFO - Iter(train) [ 640/1000]  lr: 9.9288e-03  eta: 0:04:17  time: 0.6858  data_time: 0.0154  memory: 2773  loss: 0.1091  decode.loss_ce: 0.0700  decode.acc_seg: 97.4590  aux.loss_ce: 0.0392  aux.acc_seg: 95.8123
2023/06/18 10:13:16 - mmengine - INFO - Iter(val) [10/11]    eta: 0:00:00  time: 0.0328  data_time: 0.0112  memory: 264  
2023/06/18 10:13:16 - mmengine - INFO - per class results:
2023/06/18 10:13:16 - mmengine - INFO - 
+------------+-------+-------+
|   Class    |  IoU  |  Acc  |
+------------+-------+-------+
|    red     | 77.08 | 77.98 |
|   green    | 92.37 | 97.25 |
|   white    | 34.53 | 96.44 |
| seed-black | 78.64 | 87.46 |
| seed-white | 44.26 | 54.46 |
|  tabBlue   |  0.0  |  0.0  |
+------------+-------+-------+
2023/06/18 10:13:16 - mmengine - INFO - Iter(val) [11/11]    aAcc: 84.7400  mIoU: 54.4800  mAcc: 68.9300  data_time: 0.0113  time: 0.0336
2023/06/18 10:13:23 - mmengine - INFO - Iter(train) [ 650/1000]  lr: 9.9277e-03  eta: 0:04:10  time: 0.7055  data_time: 0.0238  memory: 2772  loss: 0.1179  decode.loss_ce: 0.0764  decode.acc_seg: 96.7547  aux.loss_ce: 0.0414  aux.acc_seg: 96.3518
2023/06/18 10:13:30 - mmengine - INFO - Iter(train) [ 660/1000]  lr: 9.9266e-03  eta: 0:04:03  time: 0.7185  data_time: 0.0270  memory: 2773  loss: 0.1145  decode.loss_ce: 0.0739  decode.acc_seg: 96.4520  aux.loss_ce: 0.0407  aux.acc_seg: 95.6377
2023/06/18 10:13:30 - mmengine - INFO - Iter(val) [10/11]    eta: 0:00:00  time: 0.0330  data_time: 0.0112  memory: 264  
2023/06/18 10:13:30 - mmengine - INFO - per class results:
2023/06/18 10:13:30 - mmengine - INFO - 
+------------+-------+-------+
|   Class    |  IoU  |  Acc  |
+------------+-------+-------+
|    red     | 84.28 | 85.58 |
|   green    | 92.75 | 97.28 |
|   white    | 43.72 | 93.23 |
| seed-black | 79.51 | 89.08 |
| seed-white | 44.16 | 52.66 |
|  tabBlue   |  0.0  |  0.0  |
+------------+-------+-------+
2023/06/18 10:13:30 - mmengine - INFO - Iter(val) [11/11]    aAcc: 89.1100  mIoU: 57.4000  mAcc: 69.6400  data_time: 0.0104  time: 0.0314
2023/06/18 10:13:37 - mmengine - INFO - Iter(train) [ 670/1000]  lr: 9.9255e-03  eta: 0:03:56  time: 0.6889  data_time: 0.0169  memory: 2772  loss: 0.1165  decode.loss_ce: 0.0732  decode.acc_seg: 96.8728  aux.loss_ce: 0.0433  aux.acc_seg: 95.5163
2023/06/18 10:13:44 - mmengine - INFO - Iter(train) [ 680/1000]  lr: 9.9243e-03  eta: 0:03:48  time: 0.7120  data_time: 0.0253  memory: 2772  loss: 0.1169  decode.loss_ce: 0.0752  decode.acc_seg: 94.9881  aux.loss_ce: 0.0418  aux.acc_seg: 92.8034
2023/06/18 10:13:45 - mmengine - INFO - Iter(val) [10/11]    eta: 0:00:00  time: 0.0626  data_time: 0.0288  memory: 264  
2023/06/18 10:13:45 - mmengine - INFO - per class results:
2023/06/18 10:13:45 - mmengine - INFO - 
+------------+-------+-------+
|   Class    |  IoU  |  Acc  |
+------------+-------+-------+
|    red     | 79.31 | 80.53 |
|   green    |  92.6 |  96.9 |
|   white    | 36.18 | 92.68 |
| seed-black | 77.86 | 89.37 |
| seed-white | 46.42 | 56.73 |
|  tabBlue   |  0.0  |  0.0  |
+------------+-------+-------+
2023/06/18 10:13:45 - mmengine - INFO - Iter(val) [11/11]    aAcc: 86.0300  mIoU: 55.3900  mAcc: 69.3700  data_time: 0.0255  time: 0.0580
2023/06/18 10:13:52 - mmengine - INFO - Iter(train) [ 690/1000]  lr: 9.9232e-03  eta: 0:03:41  time: 0.7040  data_time: 0.0242  memory: 2773  loss: 0.1151  decode.loss_ce: 0.0746  decode.acc_seg: 95.9966  aux.loss_ce: 0.0405  aux.acc_seg: 94.7814
2023/06/18 10:13:59 - mmengine - INFO - Iter(train) [ 700/1000]  lr: 9.9221e-03  eta: 0:03:34  time: 0.6849  data_time: 0.0165  memory: 2772  loss: 0.1133  decode.loss_ce: 0.0728  decode.acc_seg: 96.7402  aux.loss_ce: 0.0405  aux.acc_seg: 95.9974
2023/06/18 10:13:59 - mmengine - INFO - Saving checkpoint at 700 iterations
2023/06/18 10:14:01 - mmengine - INFO - Iter(val) [10/11]    eta: 0:00:00  time: 0.0441  data_time: 0.0210  memory: 264  
2023/06/18 10:14:01 - mmengine - INFO - per class results:
2023/06/18 10:14:01 - mmengine - INFO - 
+------------+-------+-------+
|   Class    |  IoU  |  Acc  |
+------------+-------+-------+
|    red     | 80.61 | 81.65 |
|   green    | 93.11 | 97.06 |
|   white    | 38.11 | 95.09 |
| seed-black | 78.79 | 89.19 |
| seed-white | 44.23 | 52.43 |
|  tabBlue   |  0.0  |  0.0  |
+------------+-------+-------+
2023/06/18 10:14:01 - mmengine - INFO - Iter(val) [11/11]    aAcc: 86.8600  mIoU: 55.8100  mAcc: 69.2400  data_time: 0.0192  time: 0.0430
2023/06/18 10:14:08 - mmengine - INFO - Iter(train) [ 710/1000]  lr: 9.9210e-03  eta: 0:03:27  time: 0.7089  data_time: 0.0274  memory: 2773  loss: 0.1022  decode.loss_ce: 0.0660  decode.acc_seg: 96.1404  aux.loss_ce: 0.0362  aux.acc_seg: 95.1329
2023/06/18 10:14:15 - mmengine - INFO - Iter(train) [ 720/1000]  lr: 9.9199e-03  eta: 0:03:20  time: 0.6953  data_time: 0.0224  memory: 2772  loss: 0.0938  decode.loss_ce: 0.0607  decode.acc_seg: 97.2564  aux.loss_ce: 0.0331  aux.acc_seg: 96.8929
2023/06/18 10:14:15 - mmengine - INFO - Iter(val) [10/11]    eta: 0:00:00  time: 0.0332  data_time: 0.0117  memory: 264  
2023/06/18 10:14:15 - mmengine - INFO - per class results:
2023/06/18 10:14:15 - mmengine - INFO - 
+------------+-------+-------+
|   Class    |  IoU  |  Acc  |
+------------+-------+-------+
|    red     | 93.45 | 95.05 |
|   green    | 93.31 | 97.31 |
|   white    | 69.06 | 92.88 |
| seed-black |  78.8 | 87.91 |
| seed-white | 44.93 | 53.37 |
|  tabBlue   |  0.0  |  0.0  |
+------------+-------+-------+
2023/06/18 10:14:15 - mmengine - INFO - Iter(val) [11/11]    aAcc: 94.6000  mIoU: 63.2600  mAcc: 71.0900  data_time: 0.0110  time: 0.0320
2023/06/18 10:14:22 - mmengine - INFO - Iter(train) [ 730/1000]  lr: 9.9188e-03  eta: 0:03:12  time: 0.6927  data_time: 0.0198  memory: 2773  loss: 0.1069  decode.loss_ce: 0.0681  decode.acc_seg: 97.0757  aux.loss_ce: 0.0388  aux.acc_seg: 96.6236
2023/06/18 10:14:29 - mmengine - INFO - Iter(train) [ 740/1000]  lr: 9.9177e-03  eta: 0:03:05  time: 0.7122  data_time: 0.0291  memory: 2773  loss: 0.0988  decode.loss_ce: 0.0639  decode.acc_seg: 96.5771  aux.loss_ce: 0.0348  aux.acc_seg: 96.1269
2023/06/18 10:14:30 - mmengine - INFO - Iter(val) [10/11]    eta: 0:00:00  time: 0.0417  data_time: 0.0173  memory: 264  
2023/06/18 10:14:30 - mmengine - INFO - per class results:
2023/06/18 10:14:30 - mmengine - INFO - 
+------------+-------+-------+
|   Class    |  IoU  |  Acc  |
+------------+-------+-------+
|    red     | 75.26 | 76.18 |
|   green    | 92.27 | 98.05 |
|   white    | 32.63 | 95.03 |
| seed-black | 79.21 | 86.81 |
| seed-white | 46.68 | 56.31 |
|  tabBlue   |  0.0  |  0.0  |
+------------+-------+-------+
2023/06/18 10:14:30 - mmengine - INFO - Iter(val) [11/11]    aAcc: 83.7500  mIoU: 54.3400  mAcc: 68.7300  data_time: 0.0157  time: 0.0392
2023/06/18 10:14:37 - mmengine - INFO - Iter(train) [ 750/1000]  lr: 9.9165e-03  eta: 0:02:58  time: 0.6956  data_time: 0.0182  memory: 2773  loss: 0.1147  decode.loss_ce: 0.0735  decode.acc_seg: 95.2571  aux.loss_ce: 0.0412  aux.acc_seg: 93.3265
2023/06/18 10:14:44 - mmengine - INFO - Iter(train) [ 760/1000]  lr: 9.9154e-03  eta: 0:02:51  time: 0.7049  data_time: 0.0205  memory: 2772  loss: 0.1141  decode.loss_ce: 0.0718  decode.acc_seg: 96.8736  aux.loss_ce: 0.0423  aux.acc_seg: 96.2210
2023/06/18 10:14:44 - mmengine - INFO - Iter(val) [10/11]    eta: 0:00:00  time: 0.0457  data_time: 0.0225  memory: 264  
2023/06/18 10:14:44 - mmengine - INFO - per class results:
2023/06/18 10:14:44 - mmengine - INFO - 
+------------+-------+-------+
|   Class    |  IoU  |  Acc  |
+------------+-------+-------+
|    red     | 81.64 | 82.79 |
|   green    | 92.26 |  97.3 |
|   white    |  39.9 | 93.95 |
| seed-black | 78.43 | 88.09 |
| seed-white | 47.62 | 58.02 |
|  tabBlue   |  0.0  |  0.0  |
+------------+-------+-------+
2023/06/18 10:14:44 - mmengine - INFO - Iter(val) [11/11]    aAcc: 87.4800  mIoU: 56.6400  mAcc: 70.0200  data_time: 0.0203  time: 0.0428
2023/06/18 10:14:52 - mmengine - INFO - Iter(train) [ 770/1000]  lr: 9.9143e-03  eta: 0:02:44  time: 0.7151  data_time: 0.0271  memory: 2772  loss: 0.1239  decode.loss_ce: 0.0793  decode.acc_seg: 96.5810  aux.loss_ce: 0.0445  aux.acc_seg: 95.5184
2023/06/18 10:14:58 - mmengine - INFO - Iter(train) [ 780/1000]  lr: 9.9132e-03  eta: 0:02:36  time: 0.6876  data_time: 0.0171  memory: 2772  loss: 0.1042  decode.loss_ce: 0.0671  decode.acc_seg: 97.2219  aux.loss_ce: 0.0371  aux.acc_seg: 96.1099
2023/06/18 10:14:59 - mmengine - INFO - Iter(val) [10/11]    eta: 0:00:00  time: 0.0385  data_time: 0.0169  memory: 264  
2023/06/18 10:14:59 - mmengine - INFO - per class results:
2023/06/18 10:14:59 - mmengine - INFO - 
+------------+-------+-------+
|   Class    |  IoU  |  Acc  |
+------------+-------+-------+
|    red     | 81.36 |  82.4 |
|   green    | 93.22 | 96.94 |
|   white    |  39.2 | 96.13 |
| seed-black | 79.18 | 88.22 |
| seed-white | 47.76 | 59.11 |
|  tabBlue   |  0.0  |  0.0  |
+------------+-------+-------+
2023/06/18 10:14:59 - mmengine - INFO - Iter(val) [11/11]    aAcc: 87.3200  mIoU: 56.7900  mAcc: 70.4700  data_time: 0.0152  time: 0.0362
2023/06/18 10:15:06 - mmengine - INFO - Iter(train) [ 790/1000]  lr: 9.9121e-03  eta: 0:02:29  time: 0.6986  data_time: 0.0228  memory: 2772  loss: 0.1091  decode.loss_ce: 0.0694  decode.acc_seg: 97.2820  aux.loss_ce: 0.0397  aux.acc_seg: 96.8064
2023/06/18 10:15:13 - mmengine - INFO - Iter(train) [ 800/1000]  lr: 9.9110e-03  eta: 0:02:22  time: 0.7033  data_time: 0.0245  memory: 2773  loss: 0.1141  decode.loss_ce: 0.0733  decode.acc_seg: 97.1339  aux.loss_ce: 0.0408  aux.acc_seg: 96.7697
2023/06/18 10:15:13 - mmengine - INFO - Saving checkpoint at 800 iterations
2023/06/18 10:15:14 - mmengine - INFO - Iter(val) [10/11]    eta: 0:00:00  time: 0.0358  data_time: 0.0138  memory: 264  
2023/06/18 10:15:14 - mmengine - INFO - per class results:
2023/06/18 10:15:14 - mmengine - INFO - 
+------------+-------+-------+
|   Class    |  IoU  |  Acc  |
+------------+-------+-------+
|    red     | 74.39 | 75.29 |
|   green    | 93.38 | 97.27 |
|   white    | 31.44 | 95.73 |
| seed-black | 80.01 | 89.34 |
| seed-white | 46.94 | 57.77 |
|  tabBlue   |  0.0  |  0.0  |
+------------+-------+-------+
2023/06/18 10:15:14 - mmengine - INFO - Iter(val) [11/11]    aAcc: 83.2500  mIoU: 54.3600  mAcc: 69.2300  data_time: 0.0122  time: 0.0339
2023/06/18 10:15:21 - mmengine - INFO - Iter(train) [ 810/1000]  lr: 9.9099e-03  eta: 0:02:15  time: 0.6858  data_time: 0.0161  memory: 2772  loss: 0.1037  decode.loss_ce: 0.0688  decode.acc_seg: 96.3805  aux.loss_ce: 0.0350  aux.acc_seg: 96.2985
2023/06/18 10:15:28 - mmengine - INFO - Iter(train) [ 820/1000]  lr: 9.9087e-03  eta: 0:02:08  time: 0.7001  data_time: 0.0214  memory: 2772  loss: 0.1044  decode.loss_ce: 0.0668  decode.acc_seg: 96.2765  aux.loss_ce: 0.0376  aux.acc_seg: 93.9325
2023/06/18 10:15:28 - mmengine - INFO - Iter(val) [10/11]    eta: 0:00:00  time: 0.0410  data_time: 0.0161  memory: 264  
2023/06/18 10:15:28 - mmengine - INFO - per class results:
2023/06/18 10:15:28 - mmengine - INFO - 
+------------+-------+-------+
|   Class    |  IoU  |  Acc  |
+------------+-------+-------+
|    red     |  94.9 | 96.48 |
|   green    | 93.21 | 97.31 |
|   white    |  76.8 | 93.77 |
| seed-black | 78.14 | 87.17 |
| seed-white | 44.71 | 52.57 |
|  tabBlue   |  0.0  |  0.0  |
+------------+-------+-------+
2023/06/18 10:15:28 - mmengine - INFO - Iter(val) [11/11]    aAcc: 95.4500  mIoU: 64.6300  mAcc: 71.2200  data_time: 0.0142  time: 0.0383
2023/06/18 10:15:36 - mmengine - INFO - Iter(train) [ 830/1000]  lr: 9.9076e-03  eta: 0:02:01  time: 0.7042  data_time: 0.0233  memory: 2772  loss: 0.1079  decode.loss_ce: 0.0693  decode.acc_seg: 97.2163  aux.loss_ce: 0.0386  aux.acc_seg: 96.6786
2023/06/18 10:15:42 - mmengine - INFO - Iter(train) [ 840/1000]  lr: 9.9065e-03  eta: 0:01:53  time: 0.6887  data_time: 0.0170  memory: 2773  loss: 0.1022  decode.loss_ce: 0.0657  decode.acc_seg: 96.5524  aux.loss_ce: 0.0364  aux.acc_seg: 95.1409
2023/06/18 10:15:43 - mmengine - INFO - Iter(val) [10/11]    eta: 0:00:00  time: 0.0333  data_time: 0.0115  memory: 264  
2023/06/18 10:15:43 - mmengine - INFO - per class results:
2023/06/18 10:15:43 - mmengine - INFO - 
+------------+-------+-------+
|   Class    |  IoU  |  Acc  |
+------------+-------+-------+
|    red     | 84.18 | 85.22 |
|   green    | 92.72 | 97.26 |
|   white    |  44.4 | 95.53 |
| seed-black |  78.9 | 89.09 |
| seed-white | 49.24 | 59.84 |
|  tabBlue   |  0.0  |  0.0  |
+------------+-------+-------+
2023/06/18 10:15:43 - mmengine - INFO - Iter(val) [11/11]    aAcc: 89.0900  mIoU: 58.2400  mAcc: 71.1600  data_time: 0.0106  time: 0.0320
2023/06/18 10:15:50 - mmengine - INFO - Iter(train) [ 850/1000]  lr: 9.9054e-03  eta: 0:01:46  time: 0.7005  data_time: 0.0213  memory: 2773  loss: 0.1008  decode.loss_ce: 0.0647  decode.acc_seg: 96.6785  aux.loss_ce: 0.0361  aux.acc_seg: 95.6005
2023/06/18 10:15:57 - mmengine - INFO - Iter(train) [ 860/1000]  lr: 9.9043e-03  eta: 0:01:39  time: 0.7016  data_time: 0.0216  memory: 2773  loss: 0.0957  decode.loss_ce: 0.0627  decode.acc_seg: 97.0975  aux.loss_ce: 0.0330  aux.acc_seg: 96.6738
2023/06/18 10:15:57 - mmengine - INFO - Iter(val) [10/11]    eta: 0:00:00  time: 0.0339  data_time: 0.0125  memory: 264  
2023/06/18 10:15:57 - mmengine - INFO - per class results:
2023/06/18 10:15:57 - mmengine - INFO - 
+------------+-------+-------+
|   Class    |  IoU  |  Acc  |
+------------+-------+-------+
|    red     | 91.83 | 93.12 |
|   green    | 93.18 | 97.72 |
|   white    |  63.5 | 94.48 |
| seed-black | 79.32 | 87.77 |
| seed-white | 48.65 | 58.21 |
|  tabBlue   |  0.0  |  0.0  |
+------------+-------+-------+
2023/06/18 10:15:57 - mmengine - INFO - Iter(val) [11/11]    aAcc: 93.7000  mIoU: 62.7500  mAcc: 71.8800  data_time: 0.0116  time: 0.0324
2023/06/18 10:16:04 - mmengine - INFO - Iter(train) [ 870/1000]  lr: 9.9032e-03  eta: 0:01:32  time: 0.6842  data_time: 0.0152  memory: 2772  loss: 0.1034  decode.loss_ce: 0.0650  decode.acc_seg: 95.8156  aux.loss_ce: 0.0384  aux.acc_seg: 94.9651
2023/06/18 10:16:11 - mmengine - INFO - Iter(train) [ 880/1000]  lr: 9.9020e-03  eta: 0:01:25  time: 0.7114  data_time: 0.0285  memory: 2772  loss: 0.1012  decode.loss_ce: 0.0657  decode.acc_seg: 97.1232  aux.loss_ce: 0.0354  aux.acc_seg: 95.9784
2023/06/18 10:16:12 - mmengine - INFO - Iter(val) [10/11]    eta: 0:00:00  time: 0.0407  data_time: 0.0165  memory: 264  
2023/06/18 10:16:12 - mmengine - INFO - per class results:
2023/06/18 10:16:12 - mmengine - INFO - 
+------------+-------+-------+
|   Class    |  IoU  |  Acc  |
+------------+-------+-------+
|    red     | 87.76 | 89.08 |
|   green    | 93.21 | 97.22 |
|   white    |  51.3 | 94.51 |
| seed-black | 79.15 | 88.95 |
| seed-white | 47.49 | 56.52 |
|  tabBlue   |  0.0  |  0.0  |
+------------+-------+-------+
2023/06/18 10:16:12 - mmengine - INFO - Iter(val) [11/11]    aAcc: 91.2500  mIoU: 59.8200  mAcc: 71.0500  data_time: 0.0148  time: 0.0380
2023/06/18 10:16:19 - mmengine - INFO - Iter(train) [ 890/1000]  lr: 9.9009e-03  eta: 0:01:18  time: 0.7070  data_time: 0.0243  memory: 2772  loss: 0.1084  decode.loss_ce: 0.0693  decode.acc_seg: 97.0045  aux.loss_ce: 0.0391  aux.acc_seg: 96.5627
2023/06/18 10:16:26 - mmengine - INFO - Iter(train) [ 900/1000]  lr: 9.8998e-03  eta: 0:01:11  time: 0.6867  data_time: 0.0161  memory: 2772  loss: 0.1008  decode.loss_ce: 0.0645  decode.acc_seg: 97.4418  aux.loss_ce: 0.0363  aux.acc_seg: 96.7887
2023/06/18 10:16:26 - mmengine - INFO - Saving checkpoint at 900 iterations
2023/06/18 10:16:27 - mmengine - INFO - Iter(val) [10/11]    eta: 0:00:00  time: 0.0448  data_time: 0.0214  memory: 264  
2023/06/18 10:16:27 - mmengine - INFO - per class results:
2023/06/18 10:16:27 - mmengine - INFO - 
+------------+-------+-------+
|   Class    |  IoU  |  Acc  |
+------------+-------+-------+
|    red     | 77.53 | 78.52 |
|   green    | 92.85 | 97.57 |
|   white    | 34.72 | 95.15 |
| seed-black | 79.81 | 88.38 |
| seed-white | 48.21 | 57.85 |
|  tabBlue   |  0.0  |  0.0  |
+------------+-------+-------+
2023/06/18 10:16:27 - mmengine - INFO - Iter(val) [11/11]    aAcc: 85.1300  mIoU: 55.5200  mAcc: 69.5800  data_time: 0.0191  time: 0.0418
2023/06/18 10:16:34 - mmengine - INFO - Iter(train) [ 910/1000]  lr: 9.8987e-03  eta: 0:01:04  time: 0.7146  data_time: 0.0312  memory: 2772  loss: 0.1010  decode.loss_ce: 0.0661  decode.acc_seg: 95.4906  aux.loss_ce: 0.0349  aux.acc_seg: 95.6573
2023/06/18 10:16:41 - mmengine - INFO - Iter(train) [ 920/1000]  lr: 9.8976e-03  eta: 0:00:56  time: 0.6965  data_time: 0.0200  memory: 2773  loss: 0.1306  decode.loss_ce: 0.0826  decode.acc_seg: 95.1372  aux.loss_ce: 0.0479  aux.acc_seg: 93.5768
2023/06/18 10:16:41 - mmengine - INFO - Iter(val) [10/11]    eta: 0:00:00  time: 0.0354  data_time: 0.0137  memory: 265  
2023/06/18 10:16:41 - mmengine - INFO - per class results:
2023/06/18 10:16:41 - mmengine - INFO - 
+------------+-------+-------+
|   Class    |  IoU  |  Acc  |
+------------+-------+-------+
|    red     | 96.23 | 97.72 |
|   green    | 92.94 | 96.61 |
|   white    | 84.87 | 93.06 |
| seed-black | 77.03 | 89.26 |
| seed-white | 51.16 | 63.64 |
|  tabBlue   |  0.0  |  0.0  |
+------------+-------+-------+
2023/06/18 10:16:41 - mmengine - INFO - Iter(val) [11/11]    aAcc: 96.1500  mIoU: 67.0400  mAcc: 73.3800  data_time: 0.0129  time: 0.0341
2023/06/18 10:16:48 - mmengine - INFO - Iter(train) [ 930/1000]  lr: 9.8965e-03  eta: 0:00:49  time: 0.6861  data_time: 0.0162  memory: 2773  loss: 0.1253  decode.loss_ce: 0.0814  decode.acc_seg: 94.2107  aux.loss_ce: 0.0438  aux.acc_seg: 93.0429
2023/06/18 10:16:55 - mmengine - INFO - Iter(train) [ 940/1000]  lr: 9.8954e-03  eta: 0:00:42  time: 0.7140  data_time: 0.0280  memory: 2772  loss: 0.1153  decode.loss_ce: 0.0754  decode.acc_seg: 97.1663  aux.loss_ce: 0.0399  aux.acc_seg: 96.0412
2023/06/18 10:16:56 - mmengine - INFO - Iter(val) [10/11]    eta: 0:00:00  time: 0.0446  data_time: 0.0203  memory: 264  
2023/06/18 10:16:56 - mmengine - INFO - per class results:
2023/06/18 10:16:56 - mmengine - INFO - 
+------------+-------+-------+
|   Class    |  IoU  |  Acc  |
+------------+-------+-------+
|    red     | 78.88 | 79.93 |
|   green    | 93.21 | 97.28 |
|   white    | 36.13 | 95.86 |
| seed-black | 78.73 | 87.38 |
| seed-white | 46.97 | 56.96 |
|  tabBlue   |  0.0  |  0.0  |
+------------+-------+-------+
2023/06/18 10:16:56 - mmengine - INFO - Iter(val) [11/11]    aAcc: 85.8700  mIoU: 55.6600  mAcc: 69.5700  data_time: 0.0181  time: 0.0416
2023/06/18 10:17:03 - mmengine - INFO - Iter(train) [ 950/1000]  lr: 9.8942e-03  eta: 0:00:35  time: 0.6924  data_time: 0.0198  memory: 2773  loss: 0.1165  decode.loss_ce: 0.0751  decode.acc_seg: 96.5563  aux.loss_ce: 0.0414  aux.acc_seg: 95.9511
2023/06/18 10:17:10 - mmengine - INFO - Iter(train) [ 960/1000]  lr: 9.8931e-03  eta: 0:00:28  time: 0.6935  data_time: 0.0189  memory: 2773  loss: 0.1092  decode.loss_ce: 0.0678  decode.acc_seg: 97.4353  aux.loss_ce: 0.0414  aux.acc_seg: 96.9421
2023/06/18 10:17:10 - mmengine - INFO - Iter(val) [10/11]    eta: 0:00:00  time: 0.0688  data_time: 0.0316  memory: 265  
2023/06/18 10:17:10 - mmengine - INFO - per class results:
2023/06/18 10:17:10 - mmengine - INFO - 
+------------+-------+-------+
|   Class    |  IoU  |  Acc  |
+------------+-------+-------+
|    red     | 95.61 | 97.12 |
|   green    | 92.95 | 96.85 |
|   white    | 82.15 | 94.82 |
| seed-black | 78.59 | 88.49 |
| seed-white | 49.02 |  60.3 |
|  tabBlue   |  0.0  |  0.0  |
+------------+-------+-------+
2023/06/18 10:17:10 - mmengine - INFO - Iter(val) [11/11]    aAcc: 95.9100  mIoU: 66.3900  mAcc: 72.9300  data_time: 0.0280  time: 0.0621
2023/06/18 10:17:18 - mmengine - INFO - Iter(train) [ 970/1000]  lr: 9.8920e-03  eta: 0:00:21  time: 0.7127  data_time: 0.0292  memory: 2772  loss: 0.1066  decode.loss_ce: 0.0705  decode.acc_seg: 97.2019  aux.loss_ce: 0.0361  aux.acc_seg: 96.4314
2023/06/18 10:17:25 - mmengine - INFO - Iter(train) [ 980/1000]  lr: 9.8909e-03  eta: 0:00:14  time: 0.6930  data_time: 0.0178  memory: 2772  loss: 0.1051  decode.loss_ce: 0.0667  decode.acc_seg: 96.7228  aux.loss_ce: 0.0384  aux.acc_seg: 94.6735
2023/06/18 10:17:25 - mmengine - INFO - Iter(val) [10/11]    eta: 0:00:00  time: 0.0330  data_time: 0.0108  memory: 264  
2023/06/18 10:17:25 - mmengine - INFO - per class results:
2023/06/18 10:17:25 - mmengine - INFO - 
+------------+-------+-------+
|   Class    |  IoU  |  Acc  |
+------------+-------+-------+
|    red     | 76.08 | 77.12 |
|   green    |  91.6 | 97.63 |
|   white    | 33.67 | 94.34 |
| seed-black | 77.85 |  87.4 |
| seed-white | 44.78 |  52.3 |
|  tabBlue   |  0.0  |  0.0  |
+------------+-------+-------+
2023/06/18 10:17:25 - mmengine - INFO - Iter(val) [11/11]    aAcc: 84.1700  mIoU: 54.0000  mAcc: 68.1300  data_time: 0.0104  time: 0.0319
2023/06/18 10:17:32 - mmengine - INFO - Iter(train) [ 990/1000]  lr: 9.8898e-03  eta: 0:00:07  time: 0.6942  data_time: 0.0175  memory: 2773  loss: 0.1011  decode.loss_ce: 0.0641  decode.acc_seg: 96.8531  aux.loss_ce: 0.0370  aux.acc_seg: 95.2418
2023/06/18 10:17:39 - mmengine - INFO - Exp name: pspnet-watermelon_20230618_20230618_100453
2023/06/18 10:17:39 - mmengine - INFO - Iter(train) [1000/1000]  lr: 9.8887e-03  eta: 0:00:00  time: 0.7051  data_time: 0.0219  memory: 2773  loss: 0.1034  decode.loss_ce: 0.0677  decode.acc_seg: 97.0712  aux.loss_ce: 0.0357  aux.acc_seg: 96.3140
2023/06/18 10:17:39 - mmengine - INFO - Saving checkpoint at 1000 iterations
2023/06/18 10:17:40 - mmengine - INFO - Iter(val) [10/11]    eta: 0:00:00  time: 0.0333  data_time: 0.0112  memory: 265  
2023/06/18 10:17:41 - mmengine - INFO - per class results:
2023/06/18 10:17:41 - mmengine - INFO - 
+------------+-------+-------+
|   Class    |  IoU  |  Acc  |
+------------+-------+-------+
|    red     |  95.5 | 96.73 |
|   green    | 92.21 | 97.51 |
|   white    | 83.76 | 95.16 |
| seed-black | 79.27 | 88.49 |
| seed-white | 48.04 |  58.1 |
|  tabBlue   |  0.0  |  0.0  |
+------------+-------+-------+
2023/06/18 10:17:41 - mmengine - INFO - Iter(val) [11/11]    aAcc: 95.8700  mIoU: 66.4600  mAcc: 72.6600  data_time: 0.0103  time: 0.0317
2023/06/18 10:31:13 - mmengine - INFO - Iter(test) [10/11]    eta: 0:00:00  time: 0.1970  data_time: 0.1455  memory: 4449  
2023/06/18 10:31:13 - mmengine - INFO - per class results:
2023/06/18 10:31:13 - mmengine - INFO - 
+------------+-------+-------+
|   Class    |  IoU  |  Acc  |
+------------+-------+-------+
|    red     |  95.5 | 96.73 |
|   green    | 92.21 | 97.51 |
|   white    | 83.76 | 95.16 |
| seed-black | 79.27 | 88.49 |
| seed-white | 48.04 |  58.1 |
|  tabBlue   |  0.0  |  0.0  |
+------------+-------+-------+
2023/06/18 10:31:13 - mmengine - INFO - Iter(test) [11/11]    aAcc: 95.8700  mIoU: 66.4600  mAcc: 72.6600  data_time: 0.1341  time: 0.1852
